The system is: Linux - 5.15.0-43-generic - x86_64
Compiling the C compiler identification source file "CMakeCCompilerId.c" succeeded.
Compiler: /opt/toolchain/arm-rockchip830-linux-uclibcgnueabihf/bin/arm-rockchip830-linux-uclibcgnueabihf-gcc 
Build flags: 
Id flags:  

The output was:
0


Compilation of the C compiler identification source "CMakeCCompilerId.c" produced "a.out"

The C compiler identification is GNU, found in "/home/fq/rk1106/rknpu2/examples/RV1106_RV1103/rknn_yolov5_demo/build/build_linux_arm/CMakeFiles/3.16.3/CompilerIdC/a.out"

Compiling the CXX compiler identification source file "CMakeCXXCompilerId.cpp" succeeded.
Compiler: /opt/toolchain/arm-rockchip830-linux-uclibcgnueabihf/bin/arm-rockchip830-linux-uclibcgnueabihf-g++ 
Build flags: 
Id flags:  

The output was:
0


Compilation of the CXX compiler identification source "CMakeCXXCompilerId.cpp" produced "a.out"

The CXX compiler identification is GNU, found in "/home/fq/rk1106/rknpu2/examples/RV1106_RV1103/rknn_yolov5_demo/build/build_linux_arm/CMakeFiles/3.16.3/CompilerIdCXX/a.out"

Determining if the C compiler works passed with the following output:
Change Dir: /home/fq/rk1106/rknpu2/examples/RV1106_RV1103/rknn_yolov5_demo/build/build_linux_arm/CMakeFiles/CMakeTmp

Run Build Command(s):/usr/bin/make cmTC_67822/fast && /usr/bin/make -f CMakeFiles/cmTC_67822.dir/build.make CMakeFiles/cmTC_67822.dir/build
make[1]: 进入目录“/home/fq/rk1106/rknpu2/examples/RV1106_RV1103/rknn_yolov5_demo/build/build_linux_arm/CMakeFiles/CMakeTmp”
Building C object CMakeFiles/cmTC_67822.dir/testCCompiler.c.o
/opt/toolchain/arm-rockchip830-linux-uclibcgnueabihf/bin/arm-rockchip830-linux-uclibcgnueabihf-gcc    -o CMakeFiles/cmTC_67822.dir/testCCompiler.c.o   -c /home/fq/rk1106/rknpu2/examples/RV1106_RV1103/rknn_yolov5_demo/build/build_linux_arm/CMakeFiles/CMakeTmp/testCCompiler.c
Linking C executable cmTC_67822
/usr/bin/cmake -E cmake_link_script CMakeFiles/cmTC_67822.dir/link.txt --verbose=1
/opt/toolchain/arm-rockchip830-linux-uclibcgnueabihf/bin/arm-rockchip830-linux-uclibcgnueabihf-gcc      CMakeFiles/cmTC_67822.dir/testCCompiler.c.o  -o cmTC_67822 
make[1]: 离开目录“/home/fq/rk1106/rknpu2/examples/RV1106_RV1103/rknn_yolov5_demo/build/build_linux_arm/CMakeFiles/CMakeTmp”



Detecting C compiler ABI info compiled with the following output:
Change Dir: /home/fq/rk1106/rknpu2/examples/RV1106_RV1103/rknn_yolov5_demo/build/build_linux_arm/CMakeFiles/CMakeTmp

Run Build Command(s):/usr/bin/make cmTC_ecb75/fast && /usr/bin/make -f CMakeFiles/cmTC_ecb75.dir/build.make CMakeFiles/cmTC_ecb75.dir/build
make[1]: Entering directory '/home/fq/rk1106/rknpu2/examples/RV1106_RV1103/rknn_yolov5_demo/build/build_linux_arm/CMakeFiles/CMakeTmp'
Building C object CMakeFiles/cmTC_ecb75.dir/CMakeCCompilerABI.c.o
/opt/toolchain/arm-rockchip830-linux-uclibcgnueabihf/bin/arm-rockchip830-linux-uclibcgnueabihf-gcc   -v -o CMakeFiles/cmTC_ecb75.dir/CMakeCCompilerABI.c.o   -c /usr/share/cmake-3.16/Modules/CMakeCCompilerABI.c
Using built-in specs.
COLLECT_GCC=/opt/toolchain/arm-rockchip830-linux-uclibcgnueabihf/bin/arm-rockchip830-linux-uclibcgnueabihf-gcc
Target: arm-rockchip830-linux-uclibcgnueabihf
Configured with: /opt/.build/arm-rockchip830-linux-uclibcgnueabihf/src/gcc/configure --build=x86_64-build_pc-linux-gnu --host=x86_64-build_pc-linux-gnu --target=arm-rockchip830-linux-uclibcgnueabihf --prefix=/opt/x-tool/arm-rockchip830-linux-uclibcgnueabihf --with-sysroot=/opt/x-tool/arm-rockchip830-linux-uclibcgnueabihf/arm-rockchip830-linux-uclibcgnueabihf/sysroot --enable-languages=c,c++ --with-arch=armv7-a --with-fpu=neon-vfpv4 --with-float=hard --with-pkgversion='crosstool-NG 1.24.0' --enable-__cxa_atexit --disable-libmudflap --disable-libgomp --disable-libssp --disable-libquadmath --disable-libquadmath-support --disable-libsanitizer --disable-libmpx --with-gmp=/opt/.build/arm-rockchip830-linux-uclibcgnueabihf/buildtools --with-mpfr=/opt/.build/arm-rockchip830-linux-uclibcgnueabihf/buildtools --with-mpc=/opt/.build/arm-rockchip830-linux-uclibcgnueabihf/buildtools --with-isl=/opt/.build/arm-rockchip830-linux-uclibcgnueabihf/buildtools --enable-lto --with-host-libstdcxx='-static-libgcc -Wl,-Bstatic,-lstdc++,-Bdynamic -lm' --enable-threads=posix --enable-target-optspace --enable-plugin --enable-gold --disable-nls --disable-multilib --with-local-prefix=/opt/x-tool/arm-rockchip830-linux-uclibcgnueabihf/arm-rockchip830-linux-uclibcgnueabihf/sysroot --enable-long-long
Thread model: posix
gcc version 8.3.0 (crosstool-NG 1.24.0) 
COLLECT_GCC_OPTIONS='-v' '-o' 'CMakeFiles/cmTC_ecb75.dir/CMakeCCompilerABI.c.o' '-c'  '-mfloat-abi=hard' '-mfpu=neon-vfpv4' '-mtls-dialect=gnu' '-marm' '-march=armv7-a+neon-vfpv4'
 /opt/toolchain/arm-rockchip830-linux-uclibcgnueabihf/bin/../libexec/gcc/arm-rockchip830-linux-uclibcgnueabihf/8.3.0/cc1 -quiet -v -iprefix /opt/toolchain/arm-rockchip830-linux-uclibcgnueabihf/bin/../lib/gcc/arm-rockchip830-linux-uclibcgnueabihf/8.3.0/ -isysroot /opt/toolchain/arm-rockchip830-linux-uclibcgnueabihf/bin/../arm-rockchip830-linux-uclibcgnueabihf/sysroot /usr/share/cmake-3.16/Modules/CMakeCCompilerABI.c -quiet -dumpbase CMakeCCompilerABI.c -mfloat-abi=hard -mfpu=neon-vfpv4 -mtls-dialect=gnu -marm -march=armv7-a+neon-vfpv4 -auxbase-strip CMakeFiles/cmTC_ecb75.dir/CMakeCCompilerABI.c.o -version -o /tmp/cc4fxH2X.s
GNU C17 (crosstool-NG 1.24.0) version 8.3.0 (arm-rockchip830-linux-uclibcgnueabihf)
	compiled by GNU C version 5.4.0 20160609, GMP version 6.1.2, MPFR version 4.0.2, MPC version 1.1.0, isl version isl-0.24-GMP

GGC heuristics: --param ggc-min-expand=100 --param ggc-min-heapsize=131072
ignoring duplicate directory "/opt/toolchain/arm-rockchip830-linux-uclibcgnueabihf/bin/../lib/gcc/../../lib/gcc/arm-rockchip830-linux-uclibcgnueabihf/8.3.0/include"
ignoring nonexistent directory "/opt/toolchain/arm-rockchip830-linux-uclibcgnueabihf/bin/../arm-rockchip830-linux-uclibcgnueabihf/sysroot/opt/x-tool/arm-rockchip830-linux-uclibcgnueabihf/arm-rockchip830-linux-uclibcgnueabihf/sysroot/include"
ignoring duplicate directory "/opt/toolchain/arm-rockchip830-linux-uclibcgnueabihf/bin/../lib/gcc/../../lib/gcc/arm-rockchip830-linux-uclibcgnueabihf/8.3.0/include-fixed"
ignoring duplicate directory "/opt/toolchain/arm-rockchip830-linux-uclibcgnueabihf/bin/../lib/gcc/../../lib/gcc/arm-rockchip830-linux-uclibcgnueabihf/8.3.0/../../../../arm-rockchip830-linux-uclibcgnueabihf/include"
#include "..." search starts here:
#include <...> search starts here:
 /opt/toolchain/arm-rockchip830-linux-uclibcgnueabihf/bin/../lib/gcc/arm-rockchip830-linux-uclibcgnueabihf/8.3.0/include
 /opt/toolchain/arm-rockchip830-linux-uclibcgnueabihf/bin/../lib/gcc/arm-rockchip830-linux-uclibcgnueabihf/8.3.0/include-fixed
 /opt/toolchain/arm-rockchip830-linux-uclibcgnueabihf/bin/../lib/gcc/arm-rockchip830-linux-uclibcgnueabihf/8.3.0/../../../../arm-rockchip830-linux-uclibcgnueabihf/include
 /opt/toolchain/arm-rockchip830-linux-uclibcgnueabihf/bin/../arm-rockchip830-linux-uclibcgnueabihf/sysroot/usr/include
End of search list.
GNU C17 (crosstool-NG 1.24.0) version 8.3.0 (arm-rockchip830-linux-uclibcgnueabihf)
	compiled by GNU C version 5.4.0 20160609, GMP version 6.1.2, MPFR version 4.0.2, MPC version 1.1.0, isl version isl-0.24-GMP

GGC heuristics: --param ggc-min-expand=100 --param ggc-min-heapsize=131072
Compiler executable checksum: e7661739e091f01943ce0a99456fb43a
COLLECT_GCC_OPTIONS='-v' '-o' 'CMakeFiles/cmTC_ecb75.dir/CMakeCCompilerABI.c.o' '-c'  '-mfloat-abi=hard' '-mfpu=neon-vfpv4' '-mtls-dialect=gnu' '-marm' '-march=armv7-a+neon-vfpv4'
 /opt/toolchain/arm-rockchip830-linux-uclibcgnueabihf/bin/../lib/gcc/arm-rockchip830-linux-uclibcgnueabihf/8.3.0/../../../../arm-rockchip830-linux-uclibcgnueabihf/bin/as -v -march=armv7-a -mfloat-abi=hard -mfpu=neon-vfpv4 -meabi=5 -o CMakeFiles/cmTC_ecb75.dir/CMakeCCompilerABI.c.o /tmp/cc4fxH2X.s
GNU assembler version 2.32 (arm-rockchip830-linux-uclibcgnueabihf) using BFD version (crosstool-NG 1.24.0) 2.32
COMPILER_PATH=/opt/toolchain/arm-rockchip830-linux-uclibcgnueabihf/bin/../libexec/gcc/arm-rockchip830-linux-uclibcgnueabihf/8.3.0/:/opt/toolchain/arm-rockchip830-linux-uclibcgnueabihf/bin/../libexec/gcc/:/opt/toolchain/arm-rockchip830-linux-uclibcgnueabihf/bin/../lib/gcc/arm-rockchip830-linux-uclibcgnueabihf/8.3.0/../../../../arm-rockchip830-linux-uclibcgnueabihf/bin/
LIBRARY_PATH=/opt/toolchain/arm-rockchip830-linux-uclibcgnueabihf/bin/../lib/gcc/arm-rockchip830-linux-uclibcgnueabihf/8.3.0/:/opt/toolchain/arm-rockchip830-linux-uclibcgnueabihf/bin/../lib/gcc/:/opt/toolchain/arm-rockchip830-linux-uclibcgnueabihf/bin/../lib/gcc/arm-rockchip830-linux-uclibcgnueabihf/8.3.0/../../../../arm-rockchip830-linux-uclibcgnueabihf/lib/:/opt/toolchain/arm-rockchip830-linux-uclibcgnueabihf/bin/../arm-rockchip830-linux-uclibcgnueabihf/sysroot/lib/:/opt/toolchain/arm-rockchip830-linux-uclibcgnueabihf/bin/../arm-rockchip830-linux-uclibcgnueabihf/sysroot/usr/lib/
COLLECT_GCC_OPTIONS='-v' '-o' 'CMakeFiles/cmTC_ecb75.dir/CMakeCCompilerABI.c.o' '-c'  '-mfloat-abi=hard' '-mfpu=neon-vfpv4' '-mtls-dialect=gnu' '-marm' '-march=armv7-a+neon-vfpv4'
Linking C executable cmTC_ecb75
/usr/bin/cmake -E cmake_link_script CMakeFiles/cmTC_ecb75.dir/link.txt --verbose=1
/opt/toolchain/arm-rockchip830-linux-uclibcgnueabihf/bin/arm-rockchip830-linux-uclibcgnueabihf-gcc     -v CMakeFiles/cmTC_ecb75.dir/CMakeCCompilerABI.c.o  -o cmTC_ecb75 
Using built-in specs.
COLLECT_GCC=/opt/toolchain/arm-rockchip830-linux-uclibcgnueabihf/bin/arm-rockchip830-linux-uclibcgnueabihf-gcc
COLLECT_LTO_WRAPPER=/opt/toolchain/arm-rockchip830-linux-uclibcgnueabihf/bin/../libexec/gcc/arm-rockchip830-linux-uclibcgnueabihf/8.3.0/lto-wrapper
Target: arm-rockchip830-linux-uclibcgnueabihf
Configured with: /opt/.build/arm-rockchip830-linux-uclibcgnueabihf/src/gcc/configure --build=x86_64-build_pc-linux-gnu --host=x86_64-build_pc-linux-gnu --target=arm-rockchip830-linux-uclibcgnueabihf --prefix=/opt/x-tool/arm-rockchip830-linux-uclibcgnueabihf --with-sysroot=/opt/x-tool/arm-rockchip830-linux-uclibcgnueabihf/arm-rockchip830-linux-uclibcgnueabihf/sysroot --enable-languages=c,c++ --with-arch=armv7-a --with-fpu=neon-vfpv4 --with-float=hard --with-pkgversion='crosstool-NG 1.24.0' --enable-__cxa_atexit --disable-libmudflap --disable-libgomp --disable-libssp --disable-libquadmath --disable-libquadmath-support --disable-libsanitizer --disable-libmpx --with-gmp=/opt/.build/arm-rockchip830-linux-uclibcgnueabihf/buildtools --with-mpfr=/opt/.build/arm-rockchip830-linux-uclibcgnueabihf/buildtools --with-mpc=/opt/.build/arm-rockchip830-linux-uclibcgnueabihf/buildtools --with-isl=/opt/.build/arm-rockchip830-linux-uclibcgnueabihf/buildtools --enable-lto --with-host-libstdcxx='-static-libgcc -Wl,-Bstatic,-lstdc++,-Bdynamic -lm' --enable-threads=posix --enable-target-optspace --enable-plugin --enable-gold --disable-nls --disable-multilib --with-local-prefix=/opt/x-tool/arm-rockchip830-linux-uclibcgnueabihf/arm-rockchip830-linux-uclibcgnueabihf/sysroot --enable-long-long
Thread model: posix
gcc version 8.3.0 (crosstool-NG 1.24.0) 
COMPILER_PATH=/opt/toolchain/arm-rockchip830-linux-uclibcgnueabihf/bin/../libexec/gcc/arm-rockchip830-linux-uclibcgnueabihf/8.3.0/:/opt/toolchain/arm-rockchip830-linux-uclibcgnueabihf/bin/../libexec/gcc/:/opt/toolchain/arm-rockchip830-linux-uclibcgnueabihf/bin/../lib/gcc/arm-rockchip830-linux-uclibcgnueabihf/8.3.0/../../../../arm-rockchip830-linux-uclibcgnueabihf/bin/
LIBRARY_PATH=/opt/toolchain/arm-rockchip830-linux-uclibcgnueabihf/bin/../lib/gcc/arm-rockchip830-linux-uclibcgnueabihf/8.3.0/:/opt/toolchain/arm-rockchip830-linux-uclibcgnueabihf/bin/../lib/gcc/:/opt/toolchain/arm-rockchip830-linux-uclibcgnueabihf/bin/../lib/gcc/arm-rockchip830-linux-uclibcgnueabihf/8.3.0/../../../../arm-rockchip830-linux-uclibcgnueabihf/lib/:/opt/toolchain/arm-rockchip830-linux-uclibcgnueabihf/bin/../arm-rockchip830-linux-uclibcgnueabihf/sysroot/lib/:/opt/toolchain/arm-rockchip830-linux-uclibcgnueabihf/bin/../arm-rockchip830-linux-uclibcgnueabihf/sysroot/usr/lib/
COLLECT_GCC_OPTIONS='-v' '-o' 'cmTC_ecb75'  '-mfloat-abi=hard' '-mfpu=neon-vfpv4' '-mtls-dialect=gnu' '-marm' '-march=armv7-a+neon-vfpv4'
 /opt/toolchain/arm-rockchip830-linux-uclibcgnueabihf/bin/../libexec/gcc/arm-rockchip830-linux-uclibcgnueabihf/8.3.0/collect2 -plugin /opt/toolchain/arm-rockchip830-linux-uclibcgnueabihf/bin/../libexec/gcc/arm-rockchip830-linux-uclibcgnueabihf/8.3.0/liblto_plugin.so -plugin-opt=/opt/toolchain/arm-rockchip830-linux-uclibcgnueabihf/bin/../libexec/gcc/arm-rockchip830-linux-uclibcgnueabihf/8.3.0/lto-wrapper -plugin-opt=-fresolution=/tmp/ccYdcSmq.res -plugin-opt=-pass-through=-lgcc -plugin-opt=-pass-through=-lgcc_s -plugin-opt=-pass-through=-lc -plugin-opt=-pass-through=-lgcc -plugin-opt=-pass-through=-lgcc_s --sysroot=/opt/toolchain/arm-rockchip830-linux-uclibcgnueabihf/bin/../arm-rockchip830-linux-uclibcgnueabihf/sysroot --eh-frame-hdr -dynamic-linker /lib/ld-uClibc.so.0 -X -m armelf_linux_eabi -o cmTC_ecb75 /opt/toolchain/arm-rockchip830-linux-uclibcgnueabihf/bin/../arm-rockchip830-linux-uclibcgnueabihf/sysroot/usr/lib/crt1.o /opt/toolchain/arm-rockchip830-linux-uclibcgnueabihf/bin/../arm-rockchip830-linux-uclibcgnueabihf/sysroot/usr/lib/crti.o /opt/toolchain/arm-rockchip830-linux-uclibcgnueabihf/bin/../lib/gcc/arm-rockchip830-linux-uclibcgnueabihf/8.3.0/crtbegin.o -L/opt/toolchain/arm-rockchip830-linux-uclibcgnueabihf/bin/../lib/gcc/arm-rockchip830-linux-uclibcgnueabihf/8.3.0 -L/opt/toolchain/arm-rockchip830-linux-uclibcgnueabihf/bin/../lib/gcc -L/opt/toolchain/arm-rockchip830-linux-uclibcgnueabihf/bin/../lib/gcc/arm-rockchip830-linux-uclibcgnueabihf/8.3.0/../../../../arm-rockchip830-linux-uclibcgnueabihf/lib -L/opt/toolchain/arm-rockchip830-linux-uclibcgnueabihf/bin/../arm-rockchip830-linux-uclibcgnueabihf/sysroot/lib -L/opt/toolchain/arm-rockchip830-linux-uclibcgnueabihf/bin/../arm-rockchip830-linux-uclibcgnueabihf/sysroot/usr/lib CMakeFiles/cmTC_ecb75.dir/CMakeCCompilerABI.c.o -lgcc --as-needed -lgcc_s --no-as-needed -lc -lgcc --as-needed -lgcc_s --no-as-needed /opt/toolchain/arm-rockchip830-linux-uclibcgnueabihf/bin/../lib/gcc/arm-rockchip830-linux-uclibcgnueabihf/8.3.0/crtend.o /opt/toolchain/arm-rockchip830-linux-uclibcgnueabihf/bin/../arm-rockchip830-linux-uclibcgnueabihf/sysroot/usr/lib/crtn.o
COLLECT_GCC_OPTIONS='-v' '-o' 'cmTC_ecb75'  '-mfloat-abi=hard' '-mfpu=neon-vfpv4' '-mtls-dialect=gnu' '-marm' '-march=armv7-a+neon-vfpv4'
make[1]: Leaving directory '/home/fq/rk1106/rknpu2/examples/RV1106_RV1103/rknn_yolov5_demo/build/build_linux_arm/CMakeFiles/CMakeTmp'



Parsed C implicit include dir info from above output: rv=done
  found start of include info
  found start of implicit include info
    add: [/opt/toolchain/arm-rockchip830-linux-uclibcgnueabihf/bin/../lib/gcc/arm-rockchip830-linux-uclibcgnueabihf/8.3.0/include]
    add: [/opt/toolchain/arm-rockchip830-linux-uclibcgnueabihf/bin/../lib/gcc/arm-rockchip830-linux-uclibcgnueabihf/8.3.0/include-fixed]
    add: [/opt/toolchain/arm-rockchip830-linux-uclibcgnueabihf/bin/../lib/gcc/arm-rockchip830-linux-uclibcgnueabihf/8.3.0/../../../../arm-rockchip830-linux-uclibcgnueabihf/include]
    add: [/opt/toolchain/arm-rockchip830-linux-uclibcgnueabihf/bin/../arm-rockchip830-linux-uclibcgnueabihf/sysroot/usr/include]
  end of search list found
  collapse include dir [/opt/toolchain/arm-rockchip830-linux-uclibcgnueabihf/bin/../lib/gcc/arm-rockchip830-linux-uclibcgnueabihf/8.3.0/include] ==> [/opt/toolchain/arm-rockchip830-linux-uclibcgnueabihf/lib/gcc/arm-rockchip830-linux-uclibcgnueabihf/8.3.0/include]
  collapse include dir [/opt/toolchain/arm-rockchip830-linux-uclibcgnueabihf/bin/../lib/gcc/arm-rockchip830-linux-uclibcgnueabihf/8.3.0/include-fixed] ==> [/opt/toolchain/arm-rockchip830-linux-uclibcgnueabihf/lib/gcc/arm-rockchip830-linux-uclibcgnueabihf/8.3.0/include-fixed]
  collapse include dir [/opt/toolchain/arm-rockchip830-linux-uclibcgnueabihf/bin/../lib/gcc/arm-rockchip830-linux-uclibcgnueabihf/8.3.0/../../../../arm-rockchip830-linux-uclibcgnueabihf/include] ==> [/opt/toolchain/arm-rockchip830-linux-uclibcgnueabihf/arm-rockchip830-linux-uclibcgnueabihf/include]
  collapse include dir [/opt/toolchain/arm-rockchip830-linux-uclibcgnueabihf/bin/../arm-rockchip830-linux-uclibcgnueabihf/sysroot/usr/include] ==> [/opt/toolchain/arm-rockchip830-linux-uclibcgnueabihf/arm-rockchip830-linux-uclibcgnueabihf/sysroot/usr/include]
  implicit include dirs: [/opt/toolchain/arm-rockchip830-linux-uclibcgnueabihf/lib/gcc/arm-rockchip830-linux-uclibcgnueabihf/8.3.0/include;/opt/toolchain/arm-rockchip830-linux-uclibcgnueabihf/lib/gcc/arm-rockchip830-linux-uclibcgnueabihf/8.3.0/include-fixed;/opt/toolchain/arm-rockchip830-linux-uclibcgnueabihf/arm-rockchip830-linux-uclibcgnueabihf/include;/opt/toolchain/arm-rockchip830-linux-uclibcgnueabihf/arm-rockchip830-linux-uclibcgnueabihf/sysroot/usr/include]


Parsed C implicit link information from above output:
  link line regex: [^( *|.*[/\])(ld|CMAKE_LINK_STARTFILE-NOTFOUND|([^/\]+-)?ld|collect2)[^/\]*( |$)]
  ignore line: [Change Dir: /home/fq/rk1106/rknpu2/examples/RV1106_RV1103/rknn_yolov5_demo/build/build_linux_arm/CMakeFiles/CMakeTmp]
  ignore line: []
  ignore line: [Run Build Command(s):/usr/bin/make cmTC_ecb75/fast && /usr/bin/make -f CMakeFiles/cmTC_ecb75.dir/build.make CMakeFiles/cmTC_ecb75.dir/build]
  ignore line: [make[1]: Entering directory '/home/fq/rk1106/rknpu2/examples/RV1106_RV1103/rknn_yolov5_demo/build/build_linux_arm/CMakeFiles/CMakeTmp']
  ignore line: [Building C object CMakeFiles/cmTC_ecb75.dir/CMakeCCompilerABI.c.o]
  ignore line: [/opt/toolchain/arm-rockchip830-linux-uclibcgnueabihf/bin/arm-rockchip830-linux-uclibcgnueabihf-gcc   -v -o CMakeFiles/cmTC_ecb75.dir/CMakeCCompilerABI.c.o   -c /usr/share/cmake-3.16/Modules/CMakeCCompilerABI.c]
  ignore line: [Using built-in specs.]
  ignore line: [COLLECT_GCC=/opt/toolchain/arm-rockchip830-linux-uclibcgnueabihf/bin/arm-rockchip830-linux-uclibcgnueabihf-gcc]
  ignore line: [Target: arm-rockchip830-linux-uclibcgnueabihf]
  ignore line: [Configured with: /opt/.build/arm-rockchip830-linux-uclibcgnueabihf/src/gcc/configure --build=x86_64-build_pc-linux-gnu --host=x86_64-build_pc-linux-gnu --target=arm-rockchip830-linux-uclibcgnueabihf --prefix=/opt/x-tool/arm-rockchip830-linux-uclibcgnueabihf --with-sysroot=/opt/x-tool/arm-rockchip830-linux-uclibcgnueabihf/arm-rockchip830-linux-uclibcgnueabihf/sysroot --enable-languages=c c++ --with-arch=armv7-a --with-fpu=neon-vfpv4 --with-float=hard --with-pkgversion='crosstool-NG 1.24.0' --enable-__cxa_atexit --disable-libmudflap --disable-libgomp --disable-libssp --disable-libquadmath --disable-libquadmath-support --disable-libsanitizer --disable-libmpx --with-gmp=/opt/.build/arm-rockchip830-linux-uclibcgnueabihf/buildtools --with-mpfr=/opt/.build/arm-rockchip830-linux-uclibcgnueabihf/buildtools --with-mpc=/opt/.build/arm-rockchip830-linux-uclibcgnueabihf/buildtools --with-isl=/opt/.build/arm-rockchip830-linux-uclibcgnueabihf/buildtools --enable-lto --with-host-libstdcxx='-static-libgcc -Wl -Bstatic -lstdc++ -Bdynamic -lm' --enable-threads=posix --enable-target-optspace --enable-plugin --enable-gold --disable-nls --disable-multilib --with-local-prefix=/opt/x-tool/arm-rockchip830-linux-uclibcgnueabihf/arm-rockchip830-linux-uclibcgnueabihf/sysroot --enable-long-long]
  ignore line: [Thread model: posix]
  ignore line: [gcc version 8.3.0 (crosstool-NG 1.24.0) ]
  ignore line: [COLLECT_GCC_OPTIONS='-v' '-o' 'CMakeFiles/cmTC_ecb75.dir/CMakeCCompilerABI.c.o' '-c'  '-mfloat-abi=hard' '-mfpu=neon-vfpv4' '-mtls-dialect=gnu' '-marm' '-march=armv7-a+neon-vfpv4']
  ignore line: [ /opt/toolchain/arm-rockchip830-linux-uclibcgnueabihf/bin/../libexec/gcc/arm-rockchip830-linux-uclibcgnueabihf/8.3.0/cc1 -quiet -v -iprefix /opt/toolchain/arm-rockchip830-linux-uclibcgnueabihf/bin/../lib/gcc/arm-rockchip830-linux-uclibcgnueabihf/8.3.0/ -isysroot /opt/toolchain/arm-rockchip830-linux-uclibcgnueabihf/bin/../arm-rockchip830-linux-uclibcgnueabihf/sysroot /usr/share/cmake-3.16/Modules/CMakeCCompilerABI.c -quiet -dumpbase CMakeCCompilerABI.c -mfloat-abi=hard -mfpu=neon-vfpv4 -mtls-dialect=gnu -marm -march=armv7-a+neon-vfpv4 -auxbase-strip CMakeFiles/cmTC_ecb75.dir/CMakeCCompilerABI.c.o -version -o /tmp/cc4fxH2X.s]
  ignore line: [GNU C17 (crosstool-NG 1.24.0) version 8.3.0 (arm-rockchip830-linux-uclibcgnueabihf)]
  ignore line: [	compiled by GNU C version 5.4.0 20160609  GMP version 6.1.2  MPFR version 4.0.2  MPC version 1.1.0  isl version isl-0.24-GMP]
  ignore line: []
  ignore line: [GGC heuristics: --param ggc-min-expand=100 --param ggc-min-heapsize=131072]
  ignore line: [ignoring duplicate directory "/opt/toolchain/arm-rockchip830-linux-uclibcgnueabihf/bin/../lib/gcc/../../lib/gcc/arm-rockchip830-linux-uclibcgnueabihf/8.3.0/include"]
  ignore line: [ignoring nonexistent directory "/opt/toolchain/arm-rockchip830-linux-uclibcgnueabihf/bin/../arm-rockchip830-linux-uclibcgnueabihf/sysroot/opt/x-tool/arm-rockchip830-linux-uclibcgnueabihf/arm-rockchip830-linux-uclibcgnueabihf/sysroot/include"]
  ignore line: [ignoring duplicate directory "/opt/toolchain/arm-rockchip830-linux-uclibcgnueabihf/bin/../lib/gcc/../../lib/gcc/arm-rockchip830-linux-uclibcgnueabihf/8.3.0/include-fixed"]
  ignore line: [ignoring duplicate directory "/opt/toolchain/arm-rockchip830-linux-uclibcgnueabihf/bin/../lib/gcc/../../lib/gcc/arm-rockchip830-linux-uclibcgnueabihf/8.3.0/../../../../arm-rockchip830-linux-uclibcgnueabihf/include"]
  ignore line: [#include "..." search starts here:]
  ignore line: [#include <...> search starts here:]
  ignore line: [ /opt/toolchain/arm-rockchip830-linux-uclibcgnueabihf/bin/../lib/gcc/arm-rockchip830-linux-uclibcgnueabihf/8.3.0/include]
  ignore line: [ /opt/toolchain/arm-rockchip830-linux-uclibcgnueabihf/bin/../lib/gcc/arm-rockchip830-linux-uclibcgnueabihf/8.3.0/include-fixed]
  ignore line: [ /opt/toolchain/arm-rockchip830-linux-uclibcgnueabihf/bin/../lib/gcc/arm-rockchip830-linux-uclibcgnueabihf/8.3.0/../../../../arm-rockchip830-linux-uclibcgnueabihf/include]
  ignore line: [ /opt/toolchain/arm-rockchip830-linux-uclibcgnueabihf/bin/../arm-rockchip830-linux-uclibcgnueabihf/sysroot/usr/include]
  ignore line: [End of search list.]
  ignore line: [GNU C17 (crosstool-NG 1.24.0) version 8.3.0 (arm-rockchip830-linux-uclibcgnueabihf)]
  ignore line: [	compiled by GNU C version 5.4.0 20160609  GMP version 6.1.2  MPFR version 4.0.2  MPC version 1.1.0  isl version isl-0.24-GMP]
  ignore line: []
  ignore line: [GGC heuristics: --param ggc-min-expand=100 --param ggc-min-heapsize=131072]
  ignore line: [Compiler executable checksum: e7661739e091f01943ce0a99456fb43a]
  ignore line: [COLLECT_GCC_OPTIONS='-v' '-o' 'CMakeFiles/cmTC_ecb75.dir/CMakeCCompilerABI.c.o' '-c'  '-mfloat-abi=hard' '-mfpu=neon-vfpv4' '-mtls-dialect=gnu' '-marm' '-march=armv7-a+neon-vfpv4']
  ignore line: [ /opt/toolchain/arm-rockchip830-linux-uclibcgnueabihf/bin/../lib/gcc/arm-rockchip830-linux-uclibcgnueabihf/8.3.0/../../../../arm-rockchip830-linux-uclibcgnueabihf/bin/as -v -march=armv7-a -mfloat-abi=hard -mfpu=neon-vfpv4 -meabi=5 -o CMakeFiles/cmTC_ecb75.dir/CMakeCCompilerABI.c.o /tmp/cc4fxH2X.s]
  ignore line: [GNU assembler version 2.32 (arm-rockchip830-linux-uclibcgnueabihf) using BFD version (crosstool-NG 1.24.0) 2.32]
  ignore line: [COMPILER_PATH=/opt/toolchain/arm-rockchip830-linux-uclibcgnueabihf/bin/../libexec/gcc/arm-rockchip830-linux-uclibcgnueabihf/8.3.0/:/opt/toolchain/arm-rockchip830-linux-uclibcgnueabihf/bin/../libexec/gcc/:/opt/toolchain/arm-rockchip830-linux-uclibcgnueabihf/bin/../lib/gcc/arm-rockchip830-linux-uclibcgnueabihf/8.3.0/../../../../arm-rockchip830-linux-uclibcgnueabihf/bin/]
  ignore line: [LIBRARY_PATH=/opt/toolchain/arm-rockchip830-linux-uclibcgnueabihf/bin/../lib/gcc/arm-rockchip830-linux-uclibcgnueabihf/8.3.0/:/opt/toolchain/arm-rockchip830-linux-uclibcgnueabihf/bin/../lib/gcc/:/opt/toolchain/arm-rockchip830-linux-uclibcgnueabihf/bin/../lib/gcc/arm-rockchip830-linux-uclibcgnueabihf/8.3.0/../../../../arm-rockchip830-linux-uclibcgnueabihf/lib/:/opt/toolchain/arm-rockchip830-linux-uclibcgnueabihf/bin/../arm-rockchip830-linux-uclibcgnueabihf/sysroot/lib/:/opt/toolchain/arm-rockchip830-linux-uclibcgnueabihf/bin/../arm-rockchip830-linux-uclibcgnueabihf/sysroot/usr/lib/]
  ignore line: [COLLECT_GCC_OPTIONS='-v' '-o' 'CMakeFiles/cmTC_ecb75.dir/CMakeCCompilerABI.c.o' '-c'  '-mfloat-abi=hard' '-mfpu=neon-vfpv4' '-mtls-dialect=gnu' '-marm' '-march=armv7-a+neon-vfpv4']
  ignore line: [Linking C executable cmTC_ecb75]
  ignore line: [/usr/bin/cmake -E cmake_link_script CMakeFiles/cmTC_ecb75.dir/link.txt --verbose=1]
  ignore line: [/opt/toolchain/arm-rockchip830-linux-uclibcgnueabihf/bin/arm-rockchip830-linux-uclibcgnueabihf-gcc     -v CMakeFiles/cmTC_ecb75.dir/CMakeCCompilerABI.c.o  -o cmTC_ecb75 ]
  ignore line: [Using built-in specs.]
  ignore line: [COLLECT_GCC=/opt/toolchain/arm-rockchip830-linux-uclibcgnueabihf/bin/arm-rockchip830-linux-uclibcgnueabihf-gcc]
  ignore line: [COLLECT_LTO_WRAPPER=/opt/toolchain/arm-rockchip830-linux-uclibcgnueabihf/bin/../libexec/gcc/arm-rockchip830-linux-uclibcgnueabihf/8.3.0/lto-wrapper]
  ignore line: [Target: arm-rockchip830-linux-uclibcgnueabihf]
  ignore line: [Configured with: /opt/.build/arm-rockchip830-linux-uclibcgnueabihf/src/gcc/configure --build=x86_64-build_pc-linux-gnu --host=x86_64-build_pc-linux-gnu --target=arm-rockchip830-linux-uclibcgnueabihf --prefix=/opt/x-tool/arm-rockchip830-linux-uclibcgnueabihf --with-sysroot=/opt/x-tool/arm-rockchip830-linux-uclibcgnueabihf/arm-rockchip830-linux-uclibcgnueabihf/sysroot --enable-languages=c c++ --with-arch=armv7-a --with-fpu=neon-vfpv4 --with-float=hard --with-pkgversion='crosstool-NG 1.24.0' --enable-__cxa_atexit --disable-libmudflap --disable-libgomp --disable-libssp --disable-libquadmath --disable-libquadmath-support --disable-libsanitizer --disable-libmpx --with-gmp=/opt/.build/arm-rockchip830-linux-uclibcgnueabihf/buildtools --with-mpfr=/opt/.build/arm-rockchip830-linux-uclibcgnueabihf/buildtools --with-mpc=/opt/.build/arm-rockchip830-linux-uclibcgnueabihf/buildtools --with-isl=/opt/.build/arm-rockchip830-linux-uclibcgnueabihf/buildtools --enable-lto --with-host-libstdcxx='-static-libgcc -Wl -Bstatic -lstdc++ -Bdynamic -lm' --enable-threads=posix --enable-target-optspace --enable-plugin --enable-gold --disable-nls --disable-multilib --with-local-prefix=/opt/x-tool/arm-rockchip830-linux-uclibcgnueabihf/arm-rockchip830-linux-uclibcgnueabihf/sysroot --enable-long-long]
  ignore line: [Thread model: posix]
  ignore line: [gcc version 8.3.0 (crosstool-NG 1.24.0) ]
  ignore line: [COMPILER_PATH=/opt/toolchain/arm-rockchip830-linux-uclibcgnueabihf/bin/../libexec/gcc/arm-rockchip830-linux-uclibcgnueabihf/8.3.0/:/opt/toolchain/arm-rockchip830-linux-uclibcgnueabihf/bin/../libexec/gcc/:/opt/toolchain/arm-rockchip830-linux-uclibcgnueabihf/bin/../lib/gcc/arm-rockchip830-linux-uclibcgnueabihf/8.3.0/../../../../arm-rockchip830-linux-uclibcgnueabihf/bin/]
  ignore line: [LIBRARY_PATH=/opt/toolchain/arm-rockchip830-linux-uclibcgnueabihf/bin/../lib/gcc/arm-rockchip830-linux-uclibcgnueabihf/8.3.0/:/opt/toolchain/arm-rockchip830-linux-uclibcgnueabihf/bin/../lib/gcc/:/opt/toolchain/arm-rockchip830-linux-uclibcgnueabihf/bin/../lib/gcc/arm-rockchip830-linux-uclibcgnueabihf/8.3.0/../../../../arm-rockchip830-linux-uclibcgnueabihf/lib/:/opt/toolchain/arm-rockchip830-linux-uclibcgnueabihf/bin/../arm-rockchip830-linux-uclibcgnueabihf/sysroot/lib/:/opt/toolchain/arm-rockchip830-linux-uclibcgnueabihf/bin/../arm-rockchip830-linux-uclibcgnueabihf/sysroot/usr/lib/]
  ignore line: [COLLECT_GCC_OPTIONS='-v' '-o' 'cmTC_ecb75'  '-mfloat-abi=hard' '-mfpu=neon-vfpv4' '-mtls-dialect=gnu' '-marm' '-march=armv7-a+neon-vfpv4']
  link line: [ /opt/toolchain/arm-rockchip830-linux-uclibcgnueabihf/bin/../libexec/gcc/arm-rockchip830-linux-uclibcgnueabihf/8.3.0/collect2 -plugin /opt/toolchain/arm-rockchip830-linux-uclibcgnueabihf/bin/../libexec/gcc/arm-rockchip830-linux-uclibcgnueabihf/8.3.0/liblto_plugin.so -plugin-opt=/opt/toolchain/arm-rockchip830-linux-uclibcgnueabihf/bin/../libexec/gcc/arm-rockchip830-linux-uclibcgnueabihf/8.3.0/lto-wrapper -plugin-opt=-fresolution=/tmp/ccYdcSmq.res -plugin-opt=-pass-through=-lgcc -plugin-opt=-pass-through=-lgcc_s -plugin-opt=-pass-through=-lc -plugin-opt=-pass-through=-lgcc -plugin-opt=-pass-through=-lgcc_s --sysroot=/opt/toolchain/arm-rockchip830-linux-uclibcgnueabihf/bin/../arm-rockchip830-linux-uclibcgnueabihf/sysroot --eh-frame-hdr -dynamic-linker /lib/ld-uClibc.so.0 -X -m armelf_linux_eabi -o cmTC_ecb75 /opt/toolchain/arm-rockchip830-linux-uclibcgnueabihf/bin/../arm-rockchip830-linux-uclibcgnueabihf/sysroot/usr/lib/crt1.o /opt/toolchain/arm-rockchip830-linux-uclibcgnueabihf/bin/../arm-rockchip830-linux-uclibcgnueabihf/sysroot/usr/lib/crti.o /opt/toolchain/arm-rockchip830-linux-uclibcgnueabihf/bin/../lib/gcc/arm-rockchip830-linux-uclibcgnueabihf/8.3.0/crtbegin.o -L/opt/toolchain/arm-rockchip830-linux-uclibcgnueabihf/bin/../lib/gcc/arm-rockchip830-linux-uclibcgnueabihf/8.3.0 -L/opt/toolchain/arm-rockchip830-linux-uclibcgnueabihf/bin/../lib/gcc -L/opt/toolchain/arm-rockchip830-linux-uclibcgnueabihf/bin/../lib/gcc/arm-rockchip830-linux-uclibcgnueabihf/8.3.0/../../../../arm-rockchip830-linux-uclibcgnueabihf/lib -L/opt/toolchain/arm-rockchip830-linux-uclibcgnueabihf/bin/../arm-rockchip830-linux-uclibcgnueabihf/sysroot/lib -L/opt/toolchain/arm-rockchip830-linux-uclibcgnueabihf/bin/../arm-rockchip830-linux-uclibcgnueabihf/sysroot/usr/lib CMakeFiles/cmTC_ecb75.dir/CMakeCCompilerABI.c.o -lgcc --as-needed -lgcc_s --no-as-needed -lc -lgcc --as-needed -lgcc_s --no-as-needed /opt/toolchain/arm-rockchip830-linux-uclibcgnueabihf/bin/../lib/gcc/arm-rockchip830-linux-uclibcgnueabihf/8.3.0/crtend.o /opt/toolchain/arm-rockchip830-linux-uclibcgnueabihf/bin/../arm-rockchip830-linux-uclibcgnueabihf/sysroot/usr/lib/crtn.o]
    arg [/opt/toolchain/arm-rockchip830-linux-uclibcgnueabihf/bin/../libexec/gcc/arm-rockchip830-linux-uclibcgnueabihf/8.3.0/collect2] ==> ignore
    arg [-plugin] ==> ignore
    arg [/opt/toolchain/arm-rockchip830-linux-uclibcgnueabihf/bin/../libexec/gcc/arm-rockchip830-linux-uclibcgnueabihf/8.3.0/liblto_plugin.so] ==> ignore
    arg [-plugin-opt=/opt/toolchain/arm-rockchip830-linux-uclibcgnueabihf/bin/../libexec/gcc/arm-rockchip830-linux-uclibcgnueabihf/8.3.0/lto-wrapper] ==> ignore
    arg [-plugin-opt=-fresolution=/tmp/ccYdcSmq.res] ==> ignore
    arg [-plugin-opt=-pass-through=-lgcc] ==> ignore
    arg [-plugin-opt=-pass-through=-lgcc_s] ==> ignore
    arg [-plugin-opt=-pass-through=-lc] ==> ignore
    arg [-plugin-opt=-pass-through=-lgcc] ==> ignore
    arg [-plugin-opt=-pass-through=-lgcc_s] ==> ignore
    arg [--sysroot=/opt/toolchain/arm-rockchip830-linux-uclibcgnueabihf/bin/../arm-rockchip830-linux-uclibcgnueabihf/sysroot] ==> ignore
    arg [--eh-frame-hdr] ==> ignore
    arg [-dynamic-linker] ==> ignore
    arg [/lib/ld-uClibc.so.0] ==> ignore
    arg [-X] ==> ignore
    arg [-m] ==> ignore
    arg [armelf_linux_eabi] ==> ignore
    arg [-o] ==> ignore
    arg [cmTC_ecb75] ==> ignore
    arg [/opt/toolchain/arm-rockchip830-linux-uclibcgnueabihf/bin/../arm-rockchip830-linux-uclibcgnueabihf/sysroot/usr/lib/crt1.o] ==> ignore
    arg [/opt/toolchain/arm-rockchip830-linux-uclibcgnueabihf/bin/../arm-rockchip830-linux-uclibcgnueabihf/sysroot/usr/lib/crti.o] ==> ignore
    arg [/opt/toolchain/arm-rockchip830-linux-uclibcgnueabihf/bin/../lib/gcc/arm-rockchip830-linux-uclibcgnueabihf/8.3.0/crtbegin.o] ==> ignore
    arg [-L/opt/toolchain/arm-rockchip830-linux-uclibcgnueabihf/bin/../lib/gcc/arm-rockchip830-linux-uclibcgnueabihf/8.3.0] ==> dir [/opt/toolchain/arm-rockchip830-linux-uclibcgnueabihf/bin/../lib/gcc/arm-rockchip830-linux-uclibcgnueabihf/8.3.0]
    arg [-L/opt/toolchain/arm-rockchip830-linux-uclibcgnueabihf/bin/../lib/gcc] ==> dir [/opt/toolchain/arm-rockchip830-linux-uclibcgnueabihf/bin/../lib/gcc]
    arg [-L/opt/toolchain/arm-rockchip830-linux-uclibcgnueabihf/bin/../lib/gcc/arm-rockchip830-linux-uclibcgnueabihf/8.3.0/../../../../arm-rockchip830-linux-uclibcgnueabihf/lib] ==> dir [/opt/toolchain/arm-rockchip830-linux-uclibcgnueabihf/bin/../lib/gcc/arm-rockchip830-linux-uclibcgnueabihf/8.3.0/../../../../arm-rockchip830-linux-uclibcgnueabihf/lib]
    arg [-L/opt/toolchain/arm-rockchip830-linux-uclibcgnueabihf/bin/../arm-rockchip830-linux-uclibcgnueabihf/sysroot/lib] ==> dir [/opt/toolchain/arm-rockchip830-linux-uclibcgnueabihf/bin/../arm-rockchip830-linux-uclibcgnueabihf/sysroot/lib]
    arg [-L/opt/toolchain/arm-rockchip830-linux-uclibcgnueabihf/bin/../arm-rockchip830-linux-uclibcgnueabihf/sysroot/usr/lib] ==> dir [/opt/toolchain/arm-rockchip830-linux-uclibcgnueabihf/bin/../arm-rockchip830-linux-uclibcgnueabihf/sysroot/usr/lib]
    arg [CMakeFiles/cmTC_ecb75.dir/CMakeCCompilerABI.c.o] ==> ignore
    arg [-lgcc] ==> lib [gcc]
    arg [--as-needed] ==> ignore
    arg [-lgcc_s] ==> lib [gcc_s]
    arg [--no-as-needed] ==> ignore
    arg [-lc] ==> lib [c]
    arg [-lgcc] ==> lib [gcc]
    arg [--as-needed] ==> ignore
    arg [-lgcc_s] ==> lib [gcc_s]
    arg [--no-as-needed] ==> ignore
    arg [/opt/toolchain/arm-rockchip830-linux-uclibcgnueabihf/bin/../lib/gcc/arm-rockchip830-linux-uclibcgnueabihf/8.3.0/crtend.o] ==> ignore
    arg [/opt/toolchain/arm-rockchip830-linux-uclibcgnueabihf/bin/../arm-rockchip830-linux-uclibcgnueabihf/sysroot/usr/lib/crtn.o] ==> ignore
  collapse library dir [/opt/toolchain/arm-rockchip830-linux-uclibcgnueabihf/bin/../lib/gcc/arm-rockchip830-linux-uclibcgnueabihf/8.3.0] ==> [/opt/toolchain/arm-rockchip830-linux-uclibcgnueabihf/lib/gcc/arm-rockchip830-linux-uclibcgnueabihf/8.3.0]
  collapse library dir [/opt/toolchain/arm-rockchip830-linux-uclibcgnueabihf/bin/../lib/gcc] ==> [/opt/toolchain/arm-rockchip830-linux-uclibcgnueabihf/lib/gcc]
  collapse library dir [/opt/toolchain/arm-rockchip830-linux-uclibcgnueabihf/bin/../lib/gcc/arm-rockchip830-linux-uclibcgnueabihf/8.3.0/../../../../arm-rockchip830-linux-uclibcgnueabihf/lib] ==> [/opt/toolchain/arm-rockchip830-linux-uclibcgnueabihf/arm-rockchip830-linux-uclibcgnueabihf/lib]
  collapse library dir [/opt/toolchain/arm-rockchip830-linux-uclibcgnueabihf/bin/../arm-rockchip830-linux-uclibcgnueabihf/sysroot/lib] ==> [/opt/toolchain/arm-rockchip830-linux-uclibcgnueabihf/arm-rockchip830-linux-uclibcgnueabihf/sysroot/lib]
  collapse library dir [/opt/toolchain/arm-rockchip830-linux-uclibcgnueabihf/bin/../arm-rockchip830-linux-uclibcgnueabihf/sysroot/usr/lib] ==> [/opt/toolchain/arm-rockchip830-linux-uclibcgnueabihf/arm-rockchip830-linux-uclibcgnueabihf/sysroot/usr/lib]
  implicit libs: [gcc;gcc_s;c;gcc;gcc_s]
  implicit dirs: [/opt/toolchain/arm-rockchip830-linux-uclibcgnueabihf/lib/gcc/arm-rockchip830-linux-uclibcgnueabihf/8.3.0;/opt/toolchain/arm-rockchip830-linux-uclibcgnueabihf/lib/gcc;/opt/toolchain/arm-rockchip830-linux-uclibcgnueabihf/arm-rockchip830-linux-uclibcgnueabihf/lib;/opt/toolchain/arm-rockchip830-linux-uclibcgnueabihf/arm-rockchip830-linux-uclibcgnueabihf/sysroot/lib;/opt/toolchain/arm-rockchip830-linux-uclibcgnueabihf/arm-rockchip830-linux-uclibcgnueabihf/sysroot/usr/lib]
  implicit fwks: []


Determining if the CXX compiler works passed with the following output:
Change Dir: /home/fq/rk1106/rknpu2/examples/RV1106_RV1103/rknn_yolov5_demo/build/build_linux_arm/CMakeFiles/CMakeTmp

Run Build Command(s):/usr/bin/make cmTC_82a8a/fast && /usr/bin/make -f CMakeFiles/cmTC_82a8a.dir/build.make CMakeFiles/cmTC_82a8a.dir/build
make[1]: 进入目录“/home/fq/rk1106/rknpu2/examples/RV1106_RV1103/rknn_yolov5_demo/build/build_linux_arm/CMakeFiles/CMakeTmp”
Building CXX object CMakeFiles/cmTC_82a8a.dir/testCXXCompiler.cxx.o
/opt/toolchain/arm-rockchip830-linux-uclibcgnueabihf/bin/arm-rockchip830-linux-uclibcgnueabihf-g++     -o CMakeFiles/cmTC_82a8a.dir/testCXXCompiler.cxx.o -c /home/fq/rk1106/rknpu2/examples/RV1106_RV1103/rknn_yolov5_demo/build/build_linux_arm/CMakeFiles/CMakeTmp/testCXXCompiler.cxx
Linking CXX executable cmTC_82a8a
/usr/bin/cmake -E cmake_link_script CMakeFiles/cmTC_82a8a.dir/link.txt --verbose=1
/opt/toolchain/arm-rockchip830-linux-uclibcgnueabihf/bin/arm-rockchip830-linux-uclibcgnueabihf-g++       CMakeFiles/cmTC_82a8a.dir/testCXXCompiler.cxx.o  -o cmTC_82a8a 
make[1]: 离开目录“/home/fq/rk1106/rknpu2/examples/RV1106_RV1103/rknn_yolov5_demo/build/build_linux_arm/CMakeFiles/CMakeTmp”



Detecting CXX compiler ABI info compiled with the following output:
Change Dir: /home/fq/rk1106/rknpu2/examples/RV1106_RV1103/rknn_yolov5_demo/build/build_linux_arm/CMakeFiles/CMakeTmp

Run Build Command(s):/usr/bin/make cmTC_47b0f/fast && /usr/bin/make -f CMakeFiles/cmTC_47b0f.dir/build.make CMakeFiles/cmTC_47b0f.dir/build
make[1]: Entering directory '/home/fq/rk1106/rknpu2/examples/RV1106_RV1103/rknn_yolov5_demo/build/build_linux_arm/CMakeFiles/CMakeTmp'
Building CXX object CMakeFiles/cmTC_47b0f.dir/CMakeCXXCompilerABI.cpp.o
/opt/toolchain/arm-rockchip830-linux-uclibcgnueabihf/bin/arm-rockchip830-linux-uclibcgnueabihf-g++    -v -o CMakeFiles/cmTC_47b0f.dir/CMakeCXXCompilerABI.cpp.o -c /usr/share/cmake-3.16/Modules/CMakeCXXCompilerABI.cpp
Using built-in specs.
COLLECT_GCC=/opt/toolchain/arm-rockchip830-linux-uclibcgnueabihf/bin/arm-rockchip830-linux-uclibcgnueabihf-g++
Target: arm-rockchip830-linux-uclibcgnueabihf
Configured with: /opt/.build/arm-rockchip830-linux-uclibcgnueabihf/src/gcc/configure --build=x86_64-build_pc-linux-gnu --host=x86_64-build_pc-linux-gnu --target=arm-rockchip830-linux-uclibcgnueabihf --prefix=/opt/x-tool/arm-rockchip830-linux-uclibcgnueabihf --with-sysroot=/opt/x-tool/arm-rockchip830-linux-uclibcgnueabihf/arm-rockchip830-linux-uclibcgnueabihf/sysroot --enable-languages=c,c++ --with-arch=armv7-a --with-fpu=neon-vfpv4 --with-float=hard --with-pkgversion='crosstool-NG 1.24.0' --enable-__cxa_atexit --disable-libmudflap --disable-libgomp --disable-libssp --disable-libquadmath --disable-libquadmath-support --disable-libsanitizer --disable-libmpx --with-gmp=/opt/.build/arm-rockchip830-linux-uclibcgnueabihf/buildtools --with-mpfr=/opt/.build/arm-rockchip830-linux-uclibcgnueabihf/buildtools --with-mpc=/opt/.build/arm-rockchip830-linux-uclibcgnueabihf/buildtools --with-isl=/opt/.build/arm-rockchip830-linux-uclibcgnueabihf/buildtools --enable-lto --with-host-libstdcxx='-static-libgcc -Wl,-Bstatic,-lstdc++,-Bdynamic -lm' --enable-threads=posix --enable-target-optspace --enable-plugin --enable-gold --disable-nls --disable-multilib --with-local-prefix=/opt/x-tool/arm-rockchip830-linux-uclibcgnueabihf/arm-rockchip830-linux-uclibcgnueabihf/sysroot --enable-long-long
Thread model: posix
gcc version 8.3.0 (crosstool-NG 1.24.0) 
COLLECT_GCC_OPTIONS='-v' '-o' 'CMakeFiles/cmTC_47b0f.dir/CMakeCXXCompilerABI.cpp.o' '-c' '-shared-libgcc'  '-mfloat-abi=hard' '-mfpu=neon-vfpv4' '-mtls-dialect=gnu' '-marm' '-march=armv7-a+neon-vfpv4'
 /opt/toolchain/arm-rockchip830-linux-uclibcgnueabihf/bin/../libexec/gcc/arm-rockchip830-linux-uclibcgnueabihf/8.3.0/cc1plus -quiet -v -iprefix /opt/toolchain/arm-rockchip830-linux-uclibcgnueabihf/bin/../lib/gcc/arm-rockchip830-linux-uclibcgnueabihf/8.3.0/ -isysroot /opt/toolchain/arm-rockchip830-linux-uclibcgnueabihf/bin/../arm-rockchip830-linux-uclibcgnueabihf/sysroot -D_GNU_SOURCE /usr/share/cmake-3.16/Modules/CMakeCXXCompilerABI.cpp -quiet -dumpbase CMakeCXXCompilerABI.cpp -mfloat-abi=hard -mfpu=neon-vfpv4 -mtls-dialect=gnu -marm -march=armv7-a+neon-vfpv4 -auxbase-strip CMakeFiles/cmTC_47b0f.dir/CMakeCXXCompilerABI.cpp.o -version -o /tmp/ccQaUvSV.s
GNU C++14 (crosstool-NG 1.24.0) version 8.3.0 (arm-rockchip830-linux-uclibcgnueabihf)
	compiled by GNU C version 5.4.0 20160609, GMP version 6.1.2, MPFR version 4.0.2, MPC version 1.1.0, isl version isl-0.24-GMP

GGC heuristics: --param ggc-min-expand=100 --param ggc-min-heapsize=131072
ignoring duplicate directory "/opt/toolchain/arm-rockchip830-linux-uclibcgnueabihf/bin/../lib/gcc/../../lib/gcc/arm-rockchip830-linux-uclibcgnueabihf/8.3.0/../../../../arm-rockchip830-linux-uclibcgnueabihf/include/c++/8.3.0"
ignoring duplicate directory "/opt/toolchain/arm-rockchip830-linux-uclibcgnueabihf/bin/../lib/gcc/../../lib/gcc/arm-rockchip830-linux-uclibcgnueabihf/8.3.0/../../../../arm-rockchip830-linux-uclibcgnueabihf/include/c++/8.3.0/arm-rockchip830-linux-uclibcgnueabihf"
ignoring duplicate directory "/opt/toolchain/arm-rockchip830-linux-uclibcgnueabihf/bin/../lib/gcc/../../lib/gcc/arm-rockchip830-linux-uclibcgnueabihf/8.3.0/../../../../arm-rockchip830-linux-uclibcgnueabihf/include/c++/8.3.0/backward"
ignoring duplicate directory "/opt/toolchain/arm-rockchip830-linux-uclibcgnueabihf/bin/../lib/gcc/../../lib/gcc/arm-rockchip830-linux-uclibcgnueabihf/8.3.0/include"
ignoring nonexistent directory "/opt/toolchain/arm-rockchip830-linux-uclibcgnueabihf/bin/../arm-rockchip830-linux-uclibcgnueabihf/sysroot/opt/x-tool/arm-rockchip830-linux-uclibcgnueabihf/arm-rockchip830-linux-uclibcgnueabihf/sysroot/include"
ignoring duplicate directory "/opt/toolchain/arm-rockchip830-linux-uclibcgnueabihf/bin/../lib/gcc/../../lib/gcc/arm-rockchip830-linux-uclibcgnueabihf/8.3.0/include-fixed"
ignoring duplicate directory "/opt/toolchain/arm-rockchip830-linux-uclibcgnueabihf/bin/../lib/gcc/../../lib/gcc/arm-rockchip830-linux-uclibcgnueabihf/8.3.0/../../../../arm-rockchip830-linux-uclibcgnueabihf/include"
#include "..." search starts here:
#include <...> search starts here:
 /opt/toolchain/arm-rockchip830-linux-uclibcgnueabihf/bin/../lib/gcc/arm-rockchip830-linux-uclibcgnueabihf/8.3.0/../../../../arm-rockchip830-linux-uclibcgnueabihf/include/c++/8.3.0
 /opt/toolchain/arm-rockchip830-linux-uclibcgnueabihf/bin/../lib/gcc/arm-rockchip830-linux-uclibcgnueabihf/8.3.0/../../../../arm-rockchip830-linux-uclibcgnueabihf/include/c++/8.3.0/arm-rockchip830-linux-uclibcgnueabihf
 /opt/toolchain/arm-rockchip830-linux-uclibcgnueabihf/bin/../lib/gcc/arm-rockchip830-linux-uclibcgnueabihf/8.3.0/../../../../arm-rockchip830-linux-uclibcgnueabihf/include/c++/8.3.0/backward
 /opt/toolchain/arm-rockchip830-linux-uclibcgnueabihf/bin/../lib/gcc/arm-rockchip830-linux-uclibcgnueabihf/8.3.0/include
 /opt/toolchain/arm-rockchip830-linux-uclibcgnueabihf/bin/../lib/gcc/arm-rockchip830-linux-uclibcgnueabihf/8.3.0/include-fixed
 /opt/toolchain/arm-rockchip830-linux-uclibcgnueabihf/bin/../lib/gcc/arm-rockchip830-linux-uclibcgnueabihf/8.3.0/../../../../arm-rockchip830-linux-uclibcgnueabihf/include
 /opt/toolchain/arm-rockchip830-linux-uclibcgnueabihf/bin/../arm-rockchip830-linux-uclibcgnueabihf/sysroot/usr/include
End of search list.
GNU C++14 (crosstool-NG 1.24.0) version 8.3.0 (arm-rockchip830-linux-uclibcgnueabihf)
	compiled by GNU C version 5.4.0 20160609, GMP version 6.1.2, MPFR version 4.0.2, MPC version 1.1.0, isl version isl-0.24-GMP

GGC heuristics: --param ggc-min-expand=100 --param ggc-min-heapsize=131072
Compiler executable checksum: d5c264ef54524d60c06e4776bc6f681b
COLLECT_GCC_OPTIONS='-v' '-o' 'CMakeFiles/cmTC_47b0f.dir/CMakeCXXCompilerABI.cpp.o' '-c' '-shared-libgcc'  '-mfloat-abi=hard' '-mfpu=neon-vfpv4' '-mtls-dialect=gnu' '-marm' '-march=armv7-a+neon-vfpv4'
 /opt/toolchain/arm-rockchip830-linux-uclibcgnueabihf/bin/../lib/gcc/arm-rockchip830-linux-uclibcgnueabihf/8.3.0/../../../../arm-rockchip830-linux-uclibcgnueabihf/bin/as -v -march=armv7-a -mfloat-abi=hard -mfpu=neon-vfpv4 -meabi=5 -o CMakeFiles/cmTC_47b0f.dir/CMakeCXXCompilerABI.cpp.o /tmp/ccQaUvSV.s
GNU assembler version 2.32 (arm-rockchip830-linux-uclibcgnueabihf) using BFD version (crosstool-NG 1.24.0) 2.32
COMPILER_PATH=/opt/toolchain/arm-rockchip830-linux-uclibcgnueabihf/bin/../libexec/gcc/arm-rockchip830-linux-uclibcgnueabihf/8.3.0/:/opt/toolchain/arm-rockchip830-linux-uclibcgnueabihf/bin/../libexec/gcc/:/opt/toolchain/arm-rockchip830-linux-uclibcgnueabihf/bin/../lib/gcc/arm-rockchip830-linux-uclibcgnueabihf/8.3.0/../../../../arm-rockchip830-linux-uclibcgnueabihf/bin/
LIBRARY_PATH=/opt/toolchain/arm-rockchip830-linux-uclibcgnueabihf/bin/../lib/gcc/arm-rockchip830-linux-uclibcgnueabihf/8.3.0/:/opt/toolchain/arm-rockchip830-linux-uclibcgnueabihf/bin/../lib/gcc/:/opt/toolchain/arm-rockchip830-linux-uclibcgnueabihf/bin/../lib/gcc/arm-rockchip830-linux-uclibcgnueabihf/8.3.0/../../../../arm-rockchip830-linux-uclibcgnueabihf/lib/:/opt/toolchain/arm-rockchip830-linux-uclibcgnueabihf/bin/../arm-rockchip830-linux-uclibcgnueabihf/sysroot/lib/:/opt/toolchain/arm-rockchip830-linux-uclibcgnueabihf/bin/../arm-rockchip830-linux-uclibcgnueabihf/sysroot/usr/lib/
COLLECT_GCC_OPTIONS='-v' '-o' 'CMakeFiles/cmTC_47b0f.dir/CMakeCXXCompilerABI.cpp.o' '-c' '-shared-libgcc'  '-mfloat-abi=hard' '-mfpu=neon-vfpv4' '-mtls-dialect=gnu' '-marm' '-march=armv7-a+neon-vfpv4'
Linking CXX executable cmTC_47b0f
/usr/bin/cmake -E cmake_link_script CMakeFiles/cmTC_47b0f.dir/link.txt --verbose=1
/opt/toolchain/arm-rockchip830-linux-uclibcgnueabihf/bin/arm-rockchip830-linux-uclibcgnueabihf-g++      -v CMakeFiles/cmTC_47b0f.dir/CMakeCXXCompilerABI.cpp.o  -o cmTC_47b0f 
Using built-in specs.
COLLECT_GCC=/opt/toolchain/arm-rockchip830-linux-uclibcgnueabihf/bin/arm-rockchip830-linux-uclibcgnueabihf-g++
COLLECT_LTO_WRAPPER=/opt/toolchain/arm-rockchip830-linux-uclibcgnueabihf/bin/../libexec/gcc/arm-rockchip830-linux-uclibcgnueabihf/8.3.0/lto-wrapper
Target: arm-rockchip830-linux-uclibcgnueabihf
Configured with: /opt/.build/arm-rockchip830-linux-uclibcgnueabihf/src/gcc/configure --build=x86_64-build_pc-linux-gnu --host=x86_64-build_pc-linux-gnu --target=arm-rockchip830-linux-uclibcgnueabihf --prefix=/opt/x-tool/arm-rockchip830-linux-uclibcgnueabihf --with-sysroot=/opt/x-tool/arm-rockchip830-linux-uclibcgnueabihf/arm-rockchip830-linux-uclibcgnueabihf/sysroot --enable-languages=c,c++ --with-arch=armv7-a --with-fpu=neon-vfpv4 --with-float=hard --with-pkgversion='crosstool-NG 1.24.0' --enable-__cxa_atexit --disable-libmudflap --disable-libgomp --disable-libssp --disable-libquadmath --disable-libquadmath-support --disable-libsanitizer --disable-libmpx --with-gmp=/opt/.build/arm-rockchip830-linux-uclibcgnueabihf/buildtools --with-mpfr=/opt/.build/arm-rockchip830-linux-uclibcgnueabihf/buildtools --with-mpc=/opt/.build/arm-rockchip830-linux-uclibcgnueabihf/buildtools --with-isl=/opt/.build/arm-rockchip830-linux-uclibcgnueabihf/buildtools --enable-lto --with-host-libstdcxx='-static-libgcc -Wl,-Bstatic,-lstdc++,-Bdynamic -lm' --enable-threads=posix --enable-target-optspace --enable-plugin --enable-gold --disable-nls --disable-multilib --with-local-prefix=/opt/x-tool/arm-rockchip830-linux-uclibcgnueabihf/arm-rockchip830-linux-uclibcgnueabihf/sysroot --enable-long-long
Thread model: posix
gcc version 8.3.0 (crosstool-NG 1.24.0) 
COMPILER_PATH=/opt/toolchain/arm-rockchip830-linux-uclibcgnueabihf/bin/../libexec/gcc/arm-rockchip830-linux-uclibcgnueabihf/8.3.0/:/opt/toolchain/arm-rockchip830-linux-uclibcgnueabihf/bin/../libexec/gcc/:/opt/toolchain/arm-rockchip830-linux-uclibcgnueabihf/bin/../lib/gcc/arm-rockchip830-linux-uclibcgnueabihf/8.3.0/../../../../arm-rockchip830-linux-uclibcgnueabihf/bin/
LIBRARY_PATH=/opt/toolchain/arm-rockchip830-linux-uclibcgnueabihf/bin/../lib/gcc/arm-rockchip830-linux-uclibcgnueabihf/8.3.0/:/opt/toolchain/arm-rockchip830-linux-uclibcgnueabihf/bin/../lib/gcc/:/opt/toolchain/arm-rockchip830-linux-uclibcgnueabihf/bin/../lib/gcc/arm-rockchip830-linux-uclibcgnueabihf/8.3.0/../../../../arm-rockchip830-linux-uclibcgnueabihf/lib/:/opt/toolchain/arm-rockchip830-linux-uclibcgnueabihf/bin/../arm-rockchip830-linux-uclibcgnueabihf/sysroot/lib/:/opt/toolchain/arm-rockchip830-linux-uclibcgnueabihf/bin/../arm-rockchip830-linux-uclibcgnueabihf/sysroot/usr/lib/
COLLECT_GCC_OPTIONS='-v' '-o' 'cmTC_47b0f' '-shared-libgcc'  '-mfloat-abi=hard' '-mfpu=neon-vfpv4' '-mtls-dialect=gnu' '-marm' '-march=armv7-a+neon-vfpv4'
 /opt/toolchain/arm-rockchip830-linux-uclibcgnueabihf/bin/../libexec/gcc/arm-rockchip830-linux-uclibcgnueabihf/8.3.0/collect2 -plugin /opt/toolchain/arm-rockchip830-linux-uclibcgnueabihf/bin/../libexec/gcc/arm-rockchip830-linux-uclibcgnueabihf/8.3.0/liblto_plugin.so -plugin-opt=/opt/toolchain/arm-rockchip830-linux-uclibcgnueabihf/bin/../libexec/gcc/arm-rockchip830-linux-uclibcgnueabihf/8.3.0/lto-wrapper -plugin-opt=-fresolution=/tmp/cc2WlMzm.res -plugin-opt=-pass-through=-lgcc_s -plugin-opt=-pass-through=-lgcc -plugin-opt=-pass-through=-lc -plugin-opt=-pass-through=-lgcc_s -plugin-opt=-pass-through=-lgcc --sysroot=/opt/toolchain/arm-rockchip830-linux-uclibcgnueabihf/bin/../arm-rockchip830-linux-uclibcgnueabihf/sysroot --eh-frame-hdr -dynamic-linker /lib/ld-uClibc.so.0 -X -m armelf_linux_eabi -o cmTC_47b0f /opt/toolchain/arm-rockchip830-linux-uclibcgnueabihf/bin/../arm-rockchip830-linux-uclibcgnueabihf/sysroot/usr/lib/crt1.o /opt/toolchain/arm-rockchip830-linux-uclibcgnueabihf/bin/../arm-rockchip830-linux-uclibcgnueabihf/sysroot/usr/lib/crti.o /opt/toolchain/arm-rockchip830-linux-uclibcgnueabihf/bin/../lib/gcc/arm-rockchip830-linux-uclibcgnueabihf/8.3.0/crtbegin.o -L/opt/toolchain/arm-rockchip830-linux-uclibcgnueabihf/bin/../lib/gcc/arm-rockchip830-linux-uclibcgnueabihf/8.3.0 -L/opt/toolchain/arm-rockchip830-linux-uclibcgnueabihf/bin/../lib/gcc -L/opt/toolchain/arm-rockchip830-linux-uclibcgnueabihf/bin/../lib/gcc/arm-rockchip830-linux-uclibcgnueabihf/8.3.0/../../../../arm-rockchip830-linux-uclibcgnueabihf/lib -L/opt/toolchain/arm-rockchip830-linux-uclibcgnueabihf/bin/../arm-rockchip830-linux-uclibcgnueabihf/sysroot/lib -L/opt/toolchain/arm-rockchip830-linux-uclibcgnueabihf/bin/../arm-rockchip830-linux-uclibcgnueabihf/sysroot/usr/lib CMakeFiles/cmTC_47b0f.dir/CMakeCXXCompilerABI.cpp.o -lstdc++ -lm -lgcc_s -lgcc -lc -lgcc_s -lgcc /opt/toolchain/arm-rockchip830-linux-uclibcgnueabihf/bin/../lib/gcc/arm-rockchip830-linux-uclibcgnueabihf/8.3.0/crtend.o /opt/toolchain/arm-rockchip830-linux-uclibcgnueabihf/bin/../arm-rockchip830-linux-uclibcgnueabihf/sysroot/usr/lib/crtn.o
COLLECT_GCC_OPTIONS='-v' '-o' 'cmTC_47b0f' '-shared-libgcc'  '-mfloat-abi=hard' '-mfpu=neon-vfpv4' '-mtls-dialect=gnu' '-marm' '-march=armv7-a+neon-vfpv4'
make[1]: Leaving directory '/home/fq/rk1106/rknpu2/examples/RV1106_RV1103/rknn_yolov5_demo/build/build_linux_arm/CMakeFiles/CMakeTmp'



Parsed CXX implicit include dir info from above output: rv=done
  found start of include info
  found start of implicit include info
    add: [/opt/toolchain/arm-rockchip830-linux-uclibcgnueabihf/bin/../lib/gcc/arm-rockchip830-linux-uclibcgnueabihf/8.3.0/../../../../arm-rockchip830-linux-uclibcgnueabihf/include/c++/8.3.0]
    add: [/opt/toolchain/arm-rockchip830-linux-uclibcgnueabihf/bin/../lib/gcc/arm-rockchip830-linux-uclibcgnueabihf/8.3.0/../../../../arm-rockchip830-linux-uclibcgnueabihf/include/c++/8.3.0/arm-rockchip830-linux-uclibcgnueabihf]
    add: [/opt/toolchain/arm-rockchip830-linux-uclibcgnueabihf/bin/../lib/gcc/arm-rockchip830-linux-uclibcgnueabihf/8.3.0/../../../../arm-rockchip830-linux-uclibcgnueabihf/include/c++/8.3.0/backward]
    add: [/opt/toolchain/arm-rockchip830-linux-uclibcgnueabihf/bin/../lib/gcc/arm-rockchip830-linux-uclibcgnueabihf/8.3.0/include]
    add: [/opt/toolchain/arm-rockchip830-linux-uclibcgnueabihf/bin/../lib/gcc/arm-rockchip830-linux-uclibcgnueabihf/8.3.0/include-fixed]
    add: [/opt/toolchain/arm-rockchip830-linux-uclibcgnueabihf/bin/../lib/gcc/arm-rockchip830-linux-uclibcgnueabihf/8.3.0/../../../../arm-rockchip830-linux-uclibcgnueabihf/include]
    add: [/opt/toolchain/arm-rockchip830-linux-uclibcgnueabihf/bin/../arm-rockchip830-linux-uclibcgnueabihf/sysroot/usr/include]
  end of search list found
  collapse include dir [/opt/toolchain/arm-rockchip830-linux-uclibcgnueabihf/bin/../lib/gcc/arm-rockchip830-linux-uclibcgnueabihf/8.3.0/../../../../arm-rockchip830-linux-uclibcgnueabihf/include/c++/8.3.0] ==> [/opt/toolchain/arm-rockchip830-linux-uclibcgnueabihf/arm-rockchip830-linux-uclibcgnueabihf/include/c++/8.3.0]
  collapse include dir [/opt/toolchain/arm-rockchip830-linux-uclibcgnueabihf/bin/../lib/gcc/arm-rockchip830-linux-uclibcgnueabihf/8.3.0/../../../../arm-rockchip830-linux-uclibcgnueabihf/include/c++/8.3.0/arm-rockchip830-linux-uclibcgnueabihf] ==> [/opt/toolchain/arm-rockchip830-linux-uclibcgnueabihf/arm-rockchip830-linux-uclibcgnueabihf/include/c++/8.3.0/arm-rockchip830-linux-uclibcgnueabihf]
  collapse include dir [/opt/toolchain/arm-rockchip830-linux-uclibcgnueabihf/bin/../lib/gcc/arm-rockchip830-linux-uclibcgnueabihf/8.3.0/../../../../arm-rockchip830-linux-uclibcgnueabihf/include/c++/8.3.0/backward] ==> [/opt/toolchain/arm-rockchip830-linux-uclibcgnueabihf/arm-rockchip830-linux-uclibcgnueabihf/include/c++/8.3.0/backward]
  collapse include dir [/opt/toolchain/arm-rockchip830-linux-uclibcgnueabihf/bin/../lib/gcc/arm-rockchip830-linux-uclibcgnueabihf/8.3.0/include] ==> [/opt/toolchain/arm-rockchip830-linux-uclibcgnueabihf/lib/gcc/arm-rockchip830-linux-uclibcgnueabihf/8.3.0/include]
  collapse include dir [/opt/toolchain/arm-rockchip830-linux-uclibcgnueabihf/bin/../lib/gcc/arm-rockchip830-linux-uclibcgnueabihf/8.3.0/include-fixed] ==> [/opt/toolchain/arm-rockchip830-linux-uclibcgnueabihf/lib/gcc/arm-rockchip830-linux-uclibcgnueabihf/8.3.0/include-fixed]
  collapse include dir [/opt/toolchain/arm-rockchip830-linux-uclibcgnueabihf/bin/../lib/gcc/arm-rockchip830-linux-uclibcgnueabihf/8.3.0/../../../../arm-rockchip830-linux-uclibcgnueabihf/include] ==> [/opt/toolchain/arm-rockchip830-linux-uclibcgnueabihf/arm-rockchip830-linux-uclibcgnueabihf/include]
  collapse include dir [/opt/toolchain/arm-rockchip830-linux-uclibcgnueabihf/bin/../arm-rockchip830-linux-uclibcgnueabihf/sysroot/usr/include] ==> [/opt/toolchain/arm-rockchip830-linux-uclibcgnueabihf/arm-rockchip830-linux-uclibcgnueabihf/sysroot/usr/include]
  implicit include dirs: [/opt/toolchain/arm-rockchip830-linux-uclibcgnueabihf/arm-rockchip830-linux-uclibcgnueabihf/include/c++/8.3.0;/opt/toolchain/arm-rockchip830-linux-uclibcgnueabihf/arm-rockchip830-linux-uclibcgnueabihf/include/c++/8.3.0/arm-rockchip830-linux-uclibcgnueabihf;/opt/toolchain/arm-rockchip830-linux-uclibcgnueabihf/arm-rockchip830-linux-uclibcgnueabihf/include/c++/8.3.0/backward;/opt/toolchain/arm-rockchip830-linux-uclibcgnueabihf/lib/gcc/arm-rockchip830-linux-uclibcgnueabihf/8.3.0/include;/opt/toolchain/arm-rockchip830-linux-uclibcgnueabihf/lib/gcc/arm-rockchip830-linux-uclibcgnueabihf/8.3.0/include-fixed;/opt/toolchain/arm-rockchip830-linux-uclibcgnueabihf/arm-rockchip830-linux-uclibcgnueabihf/include;/opt/toolchain/arm-rockchip830-linux-uclibcgnueabihf/arm-rockchip830-linux-uclibcgnueabihf/sysroot/usr/include]


Parsed CXX implicit link information from above output:
  link line regex: [^( *|.*[/\])(ld|CMAKE_LINK_STARTFILE-NOTFOUND|([^/\]+-)?ld|collect2)[^/\]*( |$)]
  ignore line: [Change Dir: /home/fq/rk1106/rknpu2/examples/RV1106_RV1103/rknn_yolov5_demo/build/build_linux_arm/CMakeFiles/CMakeTmp]
  ignore line: []
  ignore line: [Run Build Command(s):/usr/bin/make cmTC_47b0f/fast && /usr/bin/make -f CMakeFiles/cmTC_47b0f.dir/build.make CMakeFiles/cmTC_47b0f.dir/build]
  ignore line: [make[1]: Entering directory '/home/fq/rk1106/rknpu2/examples/RV1106_RV1103/rknn_yolov5_demo/build/build_linux_arm/CMakeFiles/CMakeTmp']
  ignore line: [Building CXX object CMakeFiles/cmTC_47b0f.dir/CMakeCXXCompilerABI.cpp.o]
  ignore line: [/opt/toolchain/arm-rockchip830-linux-uclibcgnueabihf/bin/arm-rockchip830-linux-uclibcgnueabihf-g++    -v -o CMakeFiles/cmTC_47b0f.dir/CMakeCXXCompilerABI.cpp.o -c /usr/share/cmake-3.16/Modules/CMakeCXXCompilerABI.cpp]
  ignore line: [Using built-in specs.]
  ignore line: [COLLECT_GCC=/opt/toolchain/arm-rockchip830-linux-uclibcgnueabihf/bin/arm-rockchip830-linux-uclibcgnueabihf-g++]
  ignore line: [Target: arm-rockchip830-linux-uclibcgnueabihf]
  ignore line: [Configured with: /opt/.build/arm-rockchip830-linux-uclibcgnueabihf/src/gcc/configure --build=x86_64-build_pc-linux-gnu --host=x86_64-build_pc-linux-gnu --target=arm-rockchip830-linux-uclibcgnueabihf --prefix=/opt/x-tool/arm-rockchip830-linux-uclibcgnueabihf --with-sysroot=/opt/x-tool/arm-rockchip830-linux-uclibcgnueabihf/arm-rockchip830-linux-uclibcgnueabihf/sysroot --enable-languages=c c++ --with-arch=armv7-a --with-fpu=neon-vfpv4 --with-float=hard --with-pkgversion='crosstool-NG 1.24.0' --enable-__cxa_atexit --disable-libmudflap --disable-libgomp --disable-libssp --disable-libquadmath --disable-libquadmath-support --disable-libsanitizer --disable-libmpx --with-gmp=/opt/.build/arm-rockchip830-linux-uclibcgnueabihf/buildtools --with-mpfr=/opt/.build/arm-rockchip830-linux-uclibcgnueabihf/buildtools --with-mpc=/opt/.build/arm-rockchip830-linux-uclibcgnueabihf/buildtools --with-isl=/opt/.build/arm-rockchip830-linux-uclibcgnueabihf/buildtools --enable-lto --with-host-libstdcxx='-static-libgcc -Wl -Bstatic -lstdc++ -Bdynamic -lm' --enable-threads=posix --enable-target-optspace --enable-plugin --enable-gold --disable-nls --disable-multilib --with-local-prefix=/opt/x-tool/arm-rockchip830-linux-uclibcgnueabihf/arm-rockchip830-linux-uclibcgnueabihf/sysroot --enable-long-long]
  ignore line: [Thread model: posix]
  ignore line: [gcc version 8.3.0 (crosstool-NG 1.24.0) ]
  ignore line: [COLLECT_GCC_OPTIONS='-v' '-o' 'CMakeFiles/cmTC_47b0f.dir/CMakeCXXCompilerABI.cpp.o' '-c' '-shared-libgcc'  '-mfloat-abi=hard' '-mfpu=neon-vfpv4' '-mtls-dialect=gnu' '-marm' '-march=armv7-a+neon-vfpv4']
  ignore line: [ /opt/toolchain/arm-rockchip830-linux-uclibcgnueabihf/bin/../libexec/gcc/arm-rockchip830-linux-uclibcgnueabihf/8.3.0/cc1plus -quiet -v -iprefix /opt/toolchain/arm-rockchip830-linux-uclibcgnueabihf/bin/../lib/gcc/arm-rockchip830-linux-uclibcgnueabihf/8.3.0/ -isysroot /opt/toolchain/arm-rockchip830-linux-uclibcgnueabihf/bin/../arm-rockchip830-linux-uclibcgnueabihf/sysroot -D_GNU_SOURCE /usr/share/cmake-3.16/Modules/CMakeCXXCompilerABI.cpp -quiet -dumpbase CMakeCXXCompilerABI.cpp -mfloat-abi=hard -mfpu=neon-vfpv4 -mtls-dialect=gnu -marm -march=armv7-a+neon-vfpv4 -auxbase-strip CMakeFiles/cmTC_47b0f.dir/CMakeCXXCompilerABI.cpp.o -version -o /tmp/ccQaUvSV.s]
  ignore line: [GNU C++14 (crosstool-NG 1.24.0) version 8.3.0 (arm-rockchip830-linux-uclibcgnueabihf)]
  ignore line: [	compiled by GNU C version 5.4.0 20160609  GMP version 6.1.2  MPFR version 4.0.2  MPC version 1.1.0  isl version isl-0.24-GMP]
  ignore line: []
  ignore line: [GGC heuristics: --param ggc-min-expand=100 --param ggc-min-heapsize=131072]
  ignore line: [ignoring duplicate directory "/opt/toolchain/arm-rockchip830-linux-uclibcgnueabihf/bin/../lib/gcc/../../lib/gcc/arm-rockchip830-linux-uclibcgnueabihf/8.3.0/../../../../arm-rockchip830-linux-uclibcgnueabihf/include/c++/8.3.0"]
  ignore line: [ignoring duplicate directory "/opt/toolchain/arm-rockchip830-linux-uclibcgnueabihf/bin/../lib/gcc/../../lib/gcc/arm-rockchip830-linux-uclibcgnueabihf/8.3.0/../../../../arm-rockchip830-linux-uclibcgnueabihf/include/c++/8.3.0/arm-rockchip830-linux-uclibcgnueabihf"]
  ignore line: [ignoring duplicate directory "/opt/toolchain/arm-rockchip830-linux-uclibcgnueabihf/bin/../lib/gcc/../../lib/gcc/arm-rockchip830-linux-uclibcgnueabihf/8.3.0/../../../../arm-rockchip830-linux-uclibcgnueabihf/include/c++/8.3.0/backward"]
  ignore line: [ignoring duplicate directory "/opt/toolchain/arm-rockchip830-linux-uclibcgnueabihf/bin/../lib/gcc/../../lib/gcc/arm-rockchip830-linux-uclibcgnueabihf/8.3.0/include"]
  ignore line: [ignoring nonexistent directory "/opt/toolchain/arm-rockchip830-linux-uclibcgnueabihf/bin/../arm-rockchip830-linux-uclibcgnueabihf/sysroot/opt/x-tool/arm-rockchip830-linux-uclibcgnueabihf/arm-rockchip830-linux-uclibcgnueabihf/sysroot/include"]
  ignore line: [ignoring duplicate directory "/opt/toolchain/arm-rockchip830-linux-uclibcgnueabihf/bin/../lib/gcc/../../lib/gcc/arm-rockchip830-linux-uclibcgnueabihf/8.3.0/include-fixed"]
  ignore line: [ignoring duplicate directory "/opt/toolchain/arm-rockchip830-linux-uclibcgnueabihf/bin/../lib/gcc/../../lib/gcc/arm-rockchip830-linux-uclibcgnueabihf/8.3.0/../../../../arm-rockchip830-linux-uclibcgnueabihf/include"]
  ignore line: [#include "..." search starts here:]
  ignore line: [#include <...> search starts here:]
  ignore line: [ /opt/toolchain/arm-rockchip830-linux-uclibcgnueabihf/bin/../lib/gcc/arm-rockchip830-linux-uclibcgnueabihf/8.3.0/../../../../arm-rockchip830-linux-uclibcgnueabihf/include/c++/8.3.0]
  ignore line: [ /opt/toolchain/arm-rockchip830-linux-uclibcgnueabihf/bin/../lib/gcc/arm-rockchip830-linux-uclibcgnueabihf/8.3.0/../../../../arm-rockchip830-linux-uclibcgnueabihf/include/c++/8.3.0/arm-rockchip830-linux-uclibcgnueabihf]
  ignore line: [ /opt/toolchain/arm-rockchip830-linux-uclibcgnueabihf/bin/../lib/gcc/arm-rockchip830-linux-uclibcgnueabihf/8.3.0/../../../../arm-rockchip830-linux-uclibcgnueabihf/include/c++/8.3.0/backward]
  ignore line: [ /opt/toolchain/arm-rockchip830-linux-uclibcgnueabihf/bin/../lib/gcc/arm-rockchip830-linux-uclibcgnueabihf/8.3.0/include]
  ignore line: [ /opt/toolchain/arm-rockchip830-linux-uclibcgnueabihf/bin/../lib/gcc/arm-rockchip830-linux-uclibcgnueabihf/8.3.0/include-fixed]
  ignore line: [ /opt/toolchain/arm-rockchip830-linux-uclibcgnueabihf/bin/../lib/gcc/arm-rockchip830-linux-uclibcgnueabihf/8.3.0/../../../../arm-rockchip830-linux-uclibcgnueabihf/include]
  ignore line: [ /opt/toolchain/arm-rockchip830-linux-uclibcgnueabihf/bin/../arm-rockchip830-linux-uclibcgnueabihf/sysroot/usr/include]
  ignore line: [End of search list.]
  ignore line: [GNU C++14 (crosstool-NG 1.24.0) version 8.3.0 (arm-rockchip830-linux-uclibcgnueabihf)]
  ignore line: [	compiled by GNU C version 5.4.0 20160609  GMP version 6.1.2  MPFR version 4.0.2  MPC version 1.1.0  isl version isl-0.24-GMP]
  ignore line: []
  ignore line: [GGC heuristics: --param ggc-min-expand=100 --param ggc-min-heapsize=131072]
  ignore line: [Compiler executable checksum: d5c264ef54524d60c06e4776bc6f681b]
  ignore line: [COLLECT_GCC_OPTIONS='-v' '-o' 'CMakeFiles/cmTC_47b0f.dir/CMakeCXXCompilerABI.cpp.o' '-c' '-shared-libgcc'  '-mfloat-abi=hard' '-mfpu=neon-vfpv4' '-mtls-dialect=gnu' '-marm' '-march=armv7-a+neon-vfpv4']
  ignore line: [ /opt/toolchain/arm-rockchip830-linux-uclibcgnueabihf/bin/../lib/gcc/arm-rockchip830-linux-uclibcgnueabihf/8.3.0/../../../../arm-rockchip830-linux-uclibcgnueabihf/bin/as -v -march=armv7-a -mfloat-abi=hard -mfpu=neon-vfpv4 -meabi=5 -o CMakeFiles/cmTC_47b0f.dir/CMakeCXXCompilerABI.cpp.o /tmp/ccQaUvSV.s]
  ignore line: [GNU assembler version 2.32 (arm-rockchip830-linux-uclibcgnueabihf) using BFD version (crosstool-NG 1.24.0) 2.32]
  ignore line: [COMPILER_PATH=/opt/toolchain/arm-rockchip830-linux-uclibcgnueabihf/bin/../libexec/gcc/arm-rockchip830-linux-uclibcgnueabihf/8.3.0/:/opt/toolchain/arm-rockchip830-linux-uclibcgnueabihf/bin/../libexec/gcc/:/opt/toolchain/arm-rockchip830-linux-uclibcgnueabihf/bin/../lib/gcc/arm-rockchip830-linux-uclibcgnueabihf/8.3.0/../../../../arm-rockchip830-linux-uclibcgnueabihf/bin/]
  ignore line: [LIBRARY_PATH=/opt/toolchain/arm-rockchip830-linux-uclibcgnueabihf/bin/../lib/gcc/arm-rockchip830-linux-uclibcgnueabihf/8.3.0/:/opt/toolchain/arm-rockchip830-linux-uclibcgnueabihf/bin/../lib/gcc/:/opt/toolchain/arm-rockchip830-linux-uclibcgnueabihf/bin/../lib/gcc/arm-rockchip830-linux-uclibcgnueabihf/8.3.0/../../../../arm-rockchip830-linux-uclibcgnueabihf/lib/:/opt/toolchain/arm-rockchip830-linux-uclibcgnueabihf/bin/../arm-rockchip830-linux-uclibcgnueabihf/sysroot/lib/:/opt/toolchain/arm-rockchip830-linux-uclibcgnueabihf/bin/../arm-rockchip830-linux-uclibcgnueabihf/sysroot/usr/lib/]
  ignore line: [COLLECT_GCC_OPTIONS='-v' '-o' 'CMakeFiles/cmTC_47b0f.dir/CMakeCXXCompilerABI.cpp.o' '-c' '-shared-libgcc'  '-mfloat-abi=hard' '-mfpu=neon-vfpv4' '-mtls-dialect=gnu' '-marm' '-march=armv7-a+neon-vfpv4']
  ignore line: [Linking CXX executable cmTC_47b0f]
  ignore line: [/usr/bin/cmake -E cmake_link_script CMakeFiles/cmTC_47b0f.dir/link.txt --verbose=1]
  ignore line: [/opt/toolchain/arm-rockchip830-linux-uclibcgnueabihf/bin/arm-rockchip830-linux-uclibcgnueabihf-g++      -v CMakeFiles/cmTC_47b0f.dir/CMakeCXXCompilerABI.cpp.o  -o cmTC_47b0f ]
  ignore line: [Using built-in specs.]
  ignore line: [COLLECT_GCC=/opt/toolchain/arm-rockchip830-linux-uclibcgnueabihf/bin/arm-rockchip830-linux-uclibcgnueabihf-g++]
  ignore line: [COLLECT_LTO_WRAPPER=/opt/toolchain/arm-rockchip830-linux-uclibcgnueabihf/bin/../libexec/gcc/arm-rockchip830-linux-uclibcgnueabihf/8.3.0/lto-wrapper]
  ignore line: [Target: arm-rockchip830-linux-uclibcgnueabihf]
  ignore line: [Configured with: /opt/.build/arm-rockchip830-linux-uclibcgnueabihf/src/gcc/configure --build=x86_64-build_pc-linux-gnu --host=x86_64-build_pc-linux-gnu --target=arm-rockchip830-linux-uclibcgnueabihf --prefix=/opt/x-tool/arm-rockchip830-linux-uclibcgnueabihf --with-sysroot=/opt/x-tool/arm-rockchip830-linux-uclibcgnueabihf/arm-rockchip830-linux-uclibcgnueabihf/sysroot --enable-languages=c c++ --with-arch=armv7-a --with-fpu=neon-vfpv4 --with-float=hard --with-pkgversion='crosstool-NG 1.24.0' --enable-__cxa_atexit --disable-libmudflap --disable-libgomp --disable-libssp --disable-libquadmath --disable-libquadmath-support --disable-libsanitizer --disable-libmpx --with-gmp=/opt/.build/arm-rockchip830-linux-uclibcgnueabihf/buildtools --with-mpfr=/opt/.build/arm-rockchip830-linux-uclibcgnueabihf/buildtools --with-mpc=/opt/.build/arm-rockchip830-linux-uclibcgnueabihf/buildtools --with-isl=/opt/.build/arm-rockchip830-linux-uclibcgnueabihf/buildtools --enable-lto --with-host-libstdcxx='-static-libgcc -Wl -Bstatic -lstdc++ -Bdynamic -lm' --enable-threads=posix --enable-target-optspace --enable-plugin --enable-gold --disable-nls --disable-multilib --with-local-prefix=/opt/x-tool/arm-rockchip830-linux-uclibcgnueabihf/arm-rockchip830-linux-uclibcgnueabihf/sysroot --enable-long-long]
  ignore line: [Thread model: posix]
  ignore line: [gcc version 8.3.0 (crosstool-NG 1.24.0) ]
  ignore line: [COMPILER_PATH=/opt/toolchain/arm-rockchip830-linux-uclibcgnueabihf/bin/../libexec/gcc/arm-rockchip830-linux-uclibcgnueabihf/8.3.0/:/opt/toolchain/arm-rockchip830-linux-uclibcgnueabihf/bin/../libexec/gcc/:/opt/toolchain/arm-rockchip830-linux-uclibcgnueabihf/bin/../lib/gcc/arm-rockchip830-linux-uclibcgnueabihf/8.3.0/../../../../arm-rockchip830-linux-uclibcgnueabihf/bin/]
  ignore line: [LIBRARY_PATH=/opt/toolchain/arm-rockchip830-linux-uclibcgnueabihf/bin/../lib/gcc/arm-rockchip830-linux-uclibcgnueabihf/8.3.0/:/opt/toolchain/arm-rockchip830-linux-uclibcgnueabihf/bin/../lib/gcc/:/opt/toolchain/arm-rockchip830-linux-uclibcgnueabihf/bin/../lib/gcc/arm-rockchip830-linux-uclibcgnueabihf/8.3.0/../../../../arm-rockchip830-linux-uclibcgnueabihf/lib/:/opt/toolchain/arm-rockchip830-linux-uclibcgnueabihf/bin/../arm-rockchip830-linux-uclibcgnueabihf/sysroot/lib/:/opt/toolchain/arm-rockchip830-linux-uclibcgnueabihf/bin/../arm-rockchip830-linux-uclibcgnueabihf/sysroot/usr/lib/]
  ignore line: [COLLECT_GCC_OPTIONS='-v' '-o' 'cmTC_47b0f' '-shared-libgcc'  '-mfloat-abi=hard' '-mfpu=neon-vfpv4' '-mtls-dialect=gnu' '-marm' '-march=armv7-a+neon-vfpv4']
  link line: [ /opt/toolchain/arm-rockchip830-linux-uclibcgnueabihf/bin/../libexec/gcc/arm-rockchip830-linux-uclibcgnueabihf/8.3.0/collect2 -plugin /opt/toolchain/arm-rockchip830-linux-uclibcgnueabihf/bin/../libexec/gcc/arm-rockchip830-linux-uclibcgnueabihf/8.3.0/liblto_plugin.so -plugin-opt=/opt/toolchain/arm-rockchip830-linux-uclibcgnueabihf/bin/../libexec/gcc/arm-rockchip830-linux-uclibcgnueabihf/8.3.0/lto-wrapper -plugin-opt=-fresolution=/tmp/cc2WlMzm.res -plugin-opt=-pass-through=-lgcc_s -plugin-opt=-pass-through=-lgcc -plugin-opt=-pass-through=-lc -plugin-opt=-pass-through=-lgcc_s -plugin-opt=-pass-through=-lgcc --sysroot=/opt/toolchain/arm-rockchip830-linux-uclibcgnueabihf/bin/../arm-rockchip830-linux-uclibcgnueabihf/sysroot --eh-frame-hdr -dynamic-linker /lib/ld-uClibc.so.0 -X -m armelf_linux_eabi -o cmTC_47b0f /opt/toolchain/arm-rockchip830-linux-uclibcgnueabihf/bin/../arm-rockchip830-linux-uclibcgnueabihf/sysroot/usr/lib/crt1.o /opt/toolchain/arm-rockchip830-linux-uclibcgnueabihf/bin/../arm-rockchip830-linux-uclibcgnueabihf/sysroot/usr/lib/crti.o /opt/toolchain/arm-rockchip830-linux-uclibcgnueabihf/bin/../lib/gcc/arm-rockchip830-linux-uclibcgnueabihf/8.3.0/crtbegin.o -L/opt/toolchain/arm-rockchip830-linux-uclibcgnueabihf/bin/../lib/gcc/arm-rockchip830-linux-uclibcgnueabihf/8.3.0 -L/opt/toolchain/arm-rockchip830-linux-uclibcgnueabihf/bin/../lib/gcc -L/opt/toolchain/arm-rockchip830-linux-uclibcgnueabihf/bin/../lib/gcc/arm-rockchip830-linux-uclibcgnueabihf/8.3.0/../../../../arm-rockchip830-linux-uclibcgnueabihf/lib -L/opt/toolchain/arm-rockchip830-linux-uclibcgnueabihf/bin/../arm-rockchip830-linux-uclibcgnueabihf/sysroot/lib -L/opt/toolchain/arm-rockchip830-linux-uclibcgnueabihf/bin/../arm-rockchip830-linux-uclibcgnueabihf/sysroot/usr/lib CMakeFiles/cmTC_47b0f.dir/CMakeCXXCompilerABI.cpp.o -lstdc++ -lm -lgcc_s -lgcc -lc -lgcc_s -lgcc /opt/toolchain/arm-rockchip830-linux-uclibcgnueabihf/bin/../lib/gcc/arm-rockchip830-linux-uclibcgnueabihf/8.3.0/crtend.o /opt/toolchain/arm-rockchip830-linux-uclibcgnueabihf/bin/../arm-rockchip830-linux-uclibcgnueabihf/sysroot/usr/lib/crtn.o]
    arg [/opt/toolchain/arm-rockchip830-linux-uclibcgnueabihf/bin/../libexec/gcc/arm-rockchip830-linux-uclibcgnueabihf/8.3.0/collect2] ==> ignore
    arg [-plugin] ==> ignore
    arg [/opt/toolchain/arm-rockchip830-linux-uclibcgnueabihf/bin/../libexec/gcc/arm-rockchip830-linux-uclibcgnueabihf/8.3.0/liblto_plugin.so] ==> ignore
    arg [-plugin-opt=/opt/toolchain/arm-rockchip830-linux-uclibcgnueabihf/bin/../libexec/gcc/arm-rockchip830-linux-uclibcgnueabihf/8.3.0/lto-wrapper] ==> ignore
    arg [-plugin-opt=-fresolution=/tmp/cc2WlMzm.res] ==> ignore
    arg [-plugin-opt=-pass-through=-lgcc_s] ==> ignore
    arg [-plugin-opt=-pass-through=-lgcc] ==> ignore
    arg [-plugin-opt=-pass-through=-lc] ==> ignore
    arg [-plugin-opt=-pass-through=-lgcc_s] ==> ignore
    arg [-plugin-opt=-pass-through=-lgcc] ==> ignore
    arg [--sysroot=/opt/toolchain/arm-rockchip830-linux-uclibcgnueabihf/bin/../arm-rockchip830-linux-uclibcgnueabihf/sysroot] ==> ignore
    arg [--eh-frame-hdr] ==> ignore
    arg [-dynamic-linker] ==> ignore
    arg [/lib/ld-uClibc.so.0] ==> ignore
    arg [-X] ==> ignore
    arg [-m] ==> ignore
    arg [armelf_linux_eabi] ==> ignore
    arg [-o] ==> ignore
    arg [cmTC_47b0f] ==> ignore
    arg [/opt/toolchain/arm-rockchip830-linux-uclibcgnueabihf/bin/../arm-rockchip830-linux-uclibcgnueabihf/sysroot/usr/lib/crt1.o] ==> ignore
    arg [/opt/toolchain/arm-rockchip830-linux-uclibcgnueabihf/bin/../arm-rockchip830-linux-uclibcgnueabihf/sysroot/usr/lib/crti.o] ==> ignore
    arg [/opt/toolchain/arm-rockchip830-linux-uclibcgnueabihf/bin/../lib/gcc/arm-rockchip830-linux-uclibcgnueabihf/8.3.0/crtbegin.o] ==> ignore
    arg [-L/opt/toolchain/arm-rockchip830-linux-uclibcgnueabihf/bin/../lib/gcc/arm-rockchip830-linux-uclibcgnueabihf/8.3.0] ==> dir [/opt/toolchain/arm-rockchip830-linux-uclibcgnueabihf/bin/../lib/gcc/arm-rockchip830-linux-uclibcgnueabihf/8.3.0]
    arg [-L/opt/toolchain/arm-rockchip830-linux-uclibcgnueabihf/bin/../lib/gcc] ==> dir [/opt/toolchain/arm-rockchip830-linux-uclibcgnueabihf/bin/../lib/gcc]
    arg [-L/opt/toolchain/arm-rockchip830-linux-uclibcgnueabihf/bin/../lib/gcc/arm-rockchip830-linux-uclibcgnueabihf/8.3.0/../../../../arm-rockchip830-linux-uclibcgnueabihf/lib] ==> dir [/opt/toolchain/arm-rockchip830-linux-uclibcgnueabihf/bin/../lib/gcc/arm-rockchip830-linux-uclibcgnueabihf/8.3.0/../../../../arm-rockchip830-linux-uclibcgnueabihf/lib]
    arg [-L/opt/toolchain/arm-rockchip830-linux-uclibcgnueabihf/bin/../arm-rockchip830-linux-uclibcgnueabihf/sysroot/lib] ==> dir [/opt/toolchain/arm-rockchip830-linux-uclibcgnueabihf/bin/../arm-rockchip830-linux-uclibcgnueabihf/sysroot/lib]
    arg [-L/opt/toolchain/arm-rockchip830-linux-uclibcgnueabihf/bin/../arm-rockchip830-linux-uclibcgnueabihf/sysroot/usr/lib] ==> dir [/opt/toolchain/arm-rockchip830-linux-uclibcgnueabihf/bin/../arm-rockchip830-linux-uclibcgnueabihf/sysroot/usr/lib]
    arg [CMakeFiles/cmTC_47b0f.dir/CMakeCXXCompilerABI.cpp.o] ==> ignore
    arg [-lstdc++] ==> lib [stdc++]
    arg [-lm] ==> lib [m]
    arg [-lgcc_s] ==> lib [gcc_s]
    arg [-lgcc] ==> lib [gcc]
    arg [-lc] ==> lib [c]
    arg [-lgcc_s] ==> lib [gcc_s]
    arg [-lgcc] ==> lib [gcc]
    arg [/opt/toolchain/arm-rockchip830-linux-uclibcgnueabihf/bin/../lib/gcc/arm-rockchip830-linux-uclibcgnueabihf/8.3.0/crtend.o] ==> ignore
    arg [/opt/toolchain/arm-rockchip830-linux-uclibcgnueabihf/bin/../arm-rockchip830-linux-uclibcgnueabihf/sysroot/usr/lib/crtn.o] ==> ignore
  collapse library dir [/opt/toolchain/arm-rockchip830-linux-uclibcgnueabihf/bin/../lib/gcc/arm-rockchip830-linux-uclibcgnueabihf/8.3.0] ==> [/opt/toolchain/arm-rockchip830-linux-uclibcgnueabihf/lib/gcc/arm-rockchip830-linux-uclibcgnueabihf/8.3.0]
  collapse library dir [/opt/toolchain/arm-rockchip830-linux-uclibcgnueabihf/bin/../lib/gcc] ==> [/opt/toolchain/arm-rockchip830-linux-uclibcgnueabihf/lib/gcc]
  collapse library dir [/opt/toolchain/arm-rockchip830-linux-uclibcgnueabihf/bin/../lib/gcc/arm-rockchip830-linux-uclibcgnueabihf/8.3.0/../../../../arm-rockchip830-linux-uclibcgnueabihf/lib] ==> [/opt/toolchain/arm-rockchip830-linux-uclibcgnueabihf/arm-rockchip830-linux-uclibcgnueabihf/lib]
  collapse library dir [/opt/toolchain/arm-rockchip830-linux-uclibcgnueabihf/bin/../arm-rockchip830-linux-uclibcgnueabihf/sysroot/lib] ==> [/opt/toolchain/arm-rockchip830-linux-uclibcgnueabihf/arm-rockchip830-linux-uclibcgnueabihf/sysroot/lib]
  collapse library dir [/opt/toolchain/arm-rockchip830-linux-uclibcgnueabihf/bin/../arm-rockchip830-linux-uclibcgnueabihf/sysroot/usr/lib] ==> [/opt/toolchain/arm-rockchip830-linux-uclibcgnueabihf/arm-rockchip830-linux-uclibcgnueabihf/sysroot/usr/lib]
  implicit libs: [stdc++;m;gcc_s;gcc;c;gcc_s;gcc]
  implicit dirs: [/opt/toolchain/arm-rockchip830-linux-uclibcgnueabihf/lib/gcc/arm-rockchip830-linux-uclibcgnueabihf/8.3.0;/opt/toolchain/arm-rockchip830-linux-uclibcgnueabihf/lib/gcc;/opt/toolchain/arm-rockchip830-linux-uclibcgnueabihf/arm-rockchip830-linux-uclibcgnueabihf/lib;/opt/toolchain/arm-rockchip830-linux-uclibcgnueabihf/arm-rockchip830-linux-uclibcgnueabihf/sysroot/lib;/opt/toolchain/arm-rockchip830-linux-uclibcgnueabihf/arm-rockchip830-linux-uclibcgnueabihf/sysroot/usr/lib]
  implicit fwks: []


